#
# There is insufficient memory for the Java Runtime Environment to continue.
# Native memory allocation (malloc) failed to allocate 3073776 bytes for Chunk::new
# Possible reasons:
#   The system is out of physical RAM or swap space
#   The process is running with CompressedOops enabled, and the Java Heap may be blocking the growth of the native heap
# Possible solutions:
#   Reduce memory load on the system
#   Increase physical memory or swap space
#   Check if swap backing store is full
#   Decrease Java heap size (-Xmx/-Xms)
#   Decrease number of Java threads
#   Decrease Java thread stack sizes (-Xss)
#   Set larger code cache with -XX:ReservedCodeCacheSize=
#   JVM is running with Unscaled Compressed Oops mode in which the Java heap is
#     placed in the first 4GB address space. The Java Heap base address is the
#     maximum limit for the native heap growth. Please use -XX:HeapBaseMinAddress
#     to set the Java Heap base and to place the Java Heap above 4GB virtual address.
# This output file may be truncated or incomplete.
#
#  Out of Memory Error (arena.cpp:189), pid=11076, tid=14324
#
# JRE version: Java(TM) SE Runtime Environment (17.0.7+8) (build 17.0.7+8-LTS-224)
# Java VM: Java HotSpot(TM) 64-Bit Server VM (17.0.7+8-LTS-224, mixed mode, sharing, tiered, compressed oops, compressed class ptrs, g1 gc, windows-amd64)
# No core dump will be written. Minidumps are not enabled by default on client versions of Windows
#

---------------  S U M M A R Y ------------

Command Line: -Dmaven.multiModuleProjectDirectory=D:\DataService\persistence-library -Djansi.passthrough=true -Dmaven.home=D:\Program Files\IntelliJ IDEA\IntelliJ IDEA 2023.1.3\plugins\maven\lib\maven3 -Dclassworlds.conf=D:\Program Files\IntelliJ IDEA\IntelliJ IDEA 2023.1.3\plugins\maven\lib\maven3\bin\m2.conf -Dmaven.ext.class.path=D:\Program Files\IntelliJ IDEA\IntelliJ IDEA 2023.1.3\plugins\maven\lib\maven-event-listener.jar -javaagent:D:\Program Files\IntelliJ IDEA\IntelliJ IDEA 2023.1.3\lib\idea_rt.jar=53928:D:\Program Files\IntelliJ IDEA\IntelliJ IDEA 2023.1.3\bin -Dfile.encoding=UTF-8 org.codehaus.classworlds.Launcher -Didea.version=2023.1.4 package

Host: 11th Gen Intel(R) Core(TM) i7-1165G7 @ 2.80GHz, 8 cores, 7G,  Windows 11 , 64 bit Build 22621 (10.0.22621.2506)
Time: Thu Nov 30 02:08:18 2023 Sri Lanka Standard Time elapsed time: 4.661526 seconds (0d 0h 0m 4s)

---------------  T H R E A D  ---------------

Current thread (0x0000023efee8c8a0):  JavaThread "C2 CompilerThread2" daemon [_thread_in_native, id=14324, stack(0x000000746fa00000,0x000000746fb00000)]


Current CompileTask:
C2:   4661 5731   !   4       java.lang.ClassLoader::loadClass (121 bytes)

Stack: [0x000000746fa00000,0x000000746fb00000]
Native frames: (J=compiled Java code, j=interpreted, Vv=VM code, C=native code)
V  [jvm.dll+0x676a4a]
V  [jvm.dll+0x7d74f4]
V  [jvm.dll+0x7d8c9e]
V  [jvm.dll+0x7d9303]
V  [jvm.dll+0x2452c5]
V  [jvm.dll+0xaaa2b]
V  [jvm.dll+0xaafcc]
V  [jvm.dll+0x3613cf]
V  [jvm.dll+0x1bb36a]
V  [jvm.dll+0x217c27]
V  [jvm.dll+0x216f01]
V  [jvm.dll+0x1a35e0]
V  [jvm.dll+0x226a6e]
V  [jvm.dll+0x224e15]
V  [jvm.dll+0x78d05c]
V  [jvm.dll+0x78759a]
V  [jvm.dll+0x675875]
C  [ucrtbase.dll+0x29363]
C  [KERNEL32.DLL+0x1257d]
C  [ntdll.dll+0x5aa58]


---------------  P R O C E S S  ---------------

Threads class SMR info:
_java_thread_list=0x0000023e81787ff0, length=21, elements={
0x0000023edd28dc10, 0x0000023efd3b0ca0, 0x0000023efd3b1650, 0x0000023efd3c55e0,
0x0000023efd3c5f90, 0x0000023efd3c8950, 0x0000023efd3c9300, 0x0000023efd3c9fe0,
0x0000023efd3ca9d0, 0x0000023efd3dd440, 0x0000023efd4dbd20, 0x0000023efe0e0770,
0x0000023efe0db390, 0x0000023efe7f4ff0, 0x0000023efee8c8a0, 0x0000023eff0ba300,
0x0000023efe18cc10, 0x0000023eff9cb820, 0x0000023eff433f50, 0x0000023e81344000,
0x0000023e81346b50
}

Java Threads: ( => current thread )
  0x0000023edd28dc10 JavaThread "main" [_thread_in_native, id=260, stack(0x000000746e500000,0x000000746e600000)]
  0x0000023efd3b0ca0 JavaThread "Reference Handler" daemon [_thread_blocked, id=22644, stack(0x000000746ec00000,0x000000746ed00000)]
  0x0000023efd3b1650 JavaThread "Finalizer" daemon [_thread_blocked, id=12560, stack(0x000000746ed00000,0x000000746ee00000)]
  0x0000023efd3c55e0 JavaThread "Signal Dispatcher" daemon [_thread_blocked, id=12968, stack(0x000000746ee00000,0x000000746ef00000)]
  0x0000023efd3c5f90 JavaThread "Attach Listener" daemon [_thread_blocked, id=15280, stack(0x000000746ef00000,0x000000746f000000)]
  0x0000023efd3c8950 JavaThread "Service Thread" daemon [_thread_blocked, id=4680, stack(0x000000746f000000,0x000000746f100000)]
  0x0000023efd3c9300 JavaThread "Monitor Deflation Thread" daemon [_thread_blocked, id=4356, stack(0x000000746f100000,0x000000746f200000)]
  0x0000023efd3c9fe0 JavaThread "C2 CompilerThread0" daemon [_thread_blocked, id=22156, stack(0x000000746f200000,0x000000746f300000)]
  0x0000023efd3ca9d0 JavaThread "C1 CompilerThread0" daemon [_thread_blocked, id=7260, stack(0x000000746f300000,0x000000746f400000)]
  0x0000023efd3dd440 JavaThread "Sweeper thread" daemon [_thread_blocked, id=3244, stack(0x000000746f400000,0x000000746f500000)]
  0x0000023efd4dbd20 JavaThread "Common-Cleaner" daemon [_thread_blocked, id=20036, stack(0x000000746f500000,0x000000746f600000)]
  0x0000023efe0e0770 JavaThread "Monitor Ctrl-Break" daemon [_thread_in_native, id=10548, stack(0x000000746f600000,0x000000746f700000)]
  0x0000023efe0db390 JavaThread "Notification Thread" daemon [_thread_blocked, id=12132, stack(0x000000746f700000,0x000000746f800000)]
  0x0000023efe7f4ff0 JavaThread "C2 CompilerThread1" daemon [_thread_blocked, id=22280, stack(0x000000746f900000,0x000000746fa00000)]
=>0x0000023efee8c8a0 JavaThread "C2 CompilerThread2" daemon [_thread_in_native, id=14324, stack(0x000000746fa00000,0x000000746fb00000)]
  0x0000023eff0ba300 JavaThread "timeout-check-timer" daemon [_thread_blocked, id=2760, stack(0x0000007470400000,0x0000007470500000)]
  0x0000023efe18cc10 JavaThread "ping-timer-10s" daemon [_thread_blocked, id=14008, stack(0x0000007470500000,0x0000007470600000)]
  0x0000023eff9cb820 JavaThread "ThreadedStreamConsumer" daemon [_thread_blocked, id=13576, stack(0x0000007470600000,0x0000007470700000)]
  0x0000023eff433f50 JavaThread "fork-1-err-thread" daemon [_thread_in_native, id=14796, stack(0x0000007470700000,0x0000007470800000)]
  0x0000023e81344000 JavaThread "commands-fork-1" daemon [_thread_blocked, id=16740, stack(0x0000007470800000,0x0000007470900000)]
  0x0000023e81346b50 JavaThread "fork-1-event-thread" daemon [_thread_in_native, id=8044, stack(0x0000007470900000,0x0000007470a00000)]

Other Threads:
  0x0000023efd31ebd0 VMThread "VM Thread" [stack: 0x000000746eb00000,0x000000746ec00000] [id=9848]
  0x0000023edd309940 WatcherThread [stack: 0x000000746f800000,0x000000746f900000] [id=4204]
  0x0000023edd2e5e30 GCTaskThread "GC Thread#0" [stack: 0x000000746e600000,0x000000746e700000] [id=7704]
  0x0000023eff0e1f80 GCTaskThread "GC Thread#1" [stack: 0x000000746fb00000,0x000000746fc00000] [id=9932]
  0x0000023efeb8cd60 GCTaskThread "GC Thread#2" [stack: 0x000000746fc00000,0x000000746fd00000] [id=1732]
  0x0000023efec14c70 GCTaskThread "GC Thread#3" [stack: 0x000000746fd00000,0x000000746fe00000] [id=5380]
  0x0000023efe83aa90 GCTaskThread "GC Thread#4" [stack: 0x000000746fe00000,0x000000746ff00000] [id=3480]
  0x0000023efe83ad40 GCTaskThread "GC Thread#5" [stack: 0x000000746ff00000,0x0000007470000000] [id=20660]
  0x0000023eff214330 GCTaskThread "GC Thread#6" [stack: 0x0000007470000000,0x0000007470100000] [id=2936]
  0x0000023eff213dd0 GCTaskThread "GC Thread#7" [stack: 0x0000007470100000,0x0000007470200000] [id=2540]
  0x0000023edd2f64f0 ConcurrentGCThread "G1 Main Marker" [stack: 0x000000746e700000,0x000000746e800000] [id=21368]
  0x0000023edd2f6f00 ConcurrentGCThread "G1 Conc#0" [stack: 0x000000746e800000,0x000000746e900000] [id=12720]
  0x0000023eff2158b0 ConcurrentGCThread "G1 Conc#1" [stack: 0x0000007470200000,0x0000007470300000] [id=10536]
  0x0000023efd2554e0 ConcurrentGCThread "G1 Refine#0" [stack: 0x000000746e900000,0x000000746ea00000] [id=21048]
  0x0000023efedf51c0 ConcurrentGCThread "G1 Refine#1" [stack: 0x0000007470300000,0x0000007470400000] [id=13424]
  0x0000023efd257d20 ConcurrentGCThread "G1 Service" [stack: 0x000000746ea00000,0x000000746eb00000] [id=23496]

Threads with active compile tasks:
C2 CompilerThread2     4674 5731   !   4       java.lang.ClassLoader::loadClass (121 bytes)

VM state: not at safepoint (normal execution)

VM Mutex/Monitor currently owned by a thread: None

Heap address: 0x0000000084400000, size: 1980 MB, Compressed Oops mode: 32-bit

CDS archive(s) mapped at: [0x0000000800000000-0x0000000800bd0000-0x0000000800bd0000), size 12386304, SharedBaseAddress: 0x0000000800000000, ArchiveRelocationMode: 0.
Compressed class space mapped at: 0x0000000800c00000-0x0000000840c00000, reserved size: 1073741824
Narrow klass base: 0x0000000800000000, Narrow klass shift: 0, Narrow klass range: 0x100000000

GC Precious Log:
 CPUs: 8 total, 8 available
 Memory: 7914M
 Large Page Support: Disabled
 NUMA Support: Disabled
 Compressed Oops: Enabled (32-bit)
 Heap Region Size: 1M
 Heap Min Capacity: 8M
 Heap Initial Capacity: 124M
 Heap Max Capacity: 1980M
 Pre-touch: Disabled
 Parallel Workers: 8
 Concurrent Workers: 2
 Concurrent Refinement Workers: 8
 Periodic GC: Disabled

Heap:
 garbage-first heap   total 110592K, used 51615K [0x0000000084400000, 0x0000000100000000)
  region size 1024K, 12 young (12288K), 3 survivors (3072K)
 Metaspace       used 28718K, committed 29056K, reserved 1081344K
  class space    used 3258K, committed 3456K, reserved 1048576K

Heap Regions: E=young(eden), S=young(survivor), O=old, HS=humongous(starts), HC=humongous(continues), CS=collection set, F=free, OA=open archive, CA=closed archive, TAMS=top-at-mark-start (previous, next)
|   0|0x0000000084400000, 0x0000000084500000, 0x0000000084500000|100%| O|  |TAMS 0x0000000084500000, 0x0000000084400000| Untracked 
|   1|0x0000000084500000, 0x0000000084600000, 0x0000000084600000|100%| O|  |TAMS 0x0000000084600000, 0x0000000084500000| Untracked 
|   2|0x0000000084600000, 0x0000000084700000, 0x0000000084700000|100%| O|  |TAMS 0x0000000084700000, 0x0000000084600000| Untracked 
|   3|0x0000000084700000, 0x0000000084800000, 0x0000000084800000|100%| O|  |TAMS 0x00000000847ce600, 0x0000000084700000| Untracked 
|   4|0x0000000084800000, 0x0000000084900000, 0x0000000084900000|100%| O|  |TAMS 0x0000000084800000, 0x0000000084800000| Untracked 
|   5|0x0000000084900000, 0x0000000084a00000, 0x0000000084a00000|100%| O|  |TAMS 0x0000000084900000, 0x0000000084900000| Untracked 
|   6|0x0000000084a00000, 0x0000000084b00000, 0x0000000084b00000|100%|HS|  |TAMS 0x0000000084b00000, 0x0000000084a00000| Complete 
|   7|0x0000000084b00000, 0x0000000084c00000, 0x0000000084c00000|100%|HC|  |TAMS 0x0000000084c00000, 0x0000000084b00000| Complete 
|   8|0x0000000084c00000, 0x0000000084d00000, 0x0000000084d00000|100%| O|  |TAMS 0x0000000084c00000, 0x0000000084c00000| Untracked 
|   9|0x0000000084d00000, 0x0000000084e00000, 0x0000000084e00000|100%| O|  |TAMS 0x0000000084d00000, 0x0000000084d00000| Untracked 
|  10|0x0000000084e00000, 0x0000000084f00000, 0x0000000084f00000|100%| O|  |TAMS 0x0000000084e00000, 0x0000000084e00000| Untracked 
|  11|0x0000000084f00000, 0x0000000085000000, 0x0000000085000000|100%| O|  |TAMS 0x0000000084f00000, 0x0000000084f00000| Untracked 
|  12|0x0000000085000000, 0x0000000085100000, 0x0000000085100000|100%| O|  |TAMS 0x0000000085000000, 0x0000000085000000| Untracked 
|  13|0x0000000085100000, 0x0000000085200000, 0x0000000085200000|100%| O|  |TAMS 0x0000000085100000, 0x0000000085100000| Untracked 
|  14|0x0000000085200000, 0x0000000085300000, 0x0000000085300000|100%| O|  |TAMS 0x0000000085200000, 0x0000000085200000| Untracked 
|  15|0x0000000085300000, 0x0000000085400000, 0x0000000085400000|100%| O|  |TAMS 0x0000000085300000, 0x0000000085300000| Untracked 
|  16|0x0000000085400000, 0x000000008540b800, 0x0000000085500000|  4%| O|  |TAMS 0x0000000085400000, 0x0000000085400000| Untracked 
|  17|0x0000000085500000, 0x0000000085500000, 0x0000000085600000|  0%| F|  |TAMS 0x0000000085500000, 0x0000000085500000| Untracked 
|  18|0x0000000085600000, 0x0000000085700000, 0x0000000085700000|100%|HS|  |TAMS 0x0000000085600000, 0x0000000085600000| Complete 
|  19|0x0000000085700000, 0x0000000085800000, 0x0000000085800000|100%| O|  |TAMS 0x0000000085700000, 0x0000000085700000| Untracked 
|  20|0x0000000085800000, 0x0000000085900000, 0x0000000085900000|100%| O|  |TAMS 0x0000000085800000, 0x0000000085800000| Untracked 
|  21|0x0000000085900000, 0x0000000085a00000, 0x0000000085a00000|100%| O|  |TAMS 0x0000000085900000, 0x0000000085900000| Untracked 
|  22|0x0000000085a00000, 0x0000000085b00000, 0x0000000085b00000|100%| O|  |TAMS 0x0000000085a00000, 0x0000000085a00000| Untracked 
|  23|0x0000000085b00000, 0x0000000085c00000, 0x0000000085c00000|100%| O|  |TAMS 0x0000000085b00000, 0x0000000085b00000| Untracked 
|  24|0x0000000085c00000, 0x0000000085d00000, 0x0000000085d00000|100%| O|  |TAMS 0x0000000085c00000, 0x0000000085c00000| Untracked 
|  25|0x0000000085d00000, 0x0000000085e00000, 0x0000000085e00000|100%| O|  |TAMS 0x0000000085d00000, 0x0000000085d00000| Untracked 
|  26|0x0000000085e00000, 0x0000000085f00000, 0x0000000085f00000|100%| O|  |TAMS 0x0000000085e00000, 0x0000000085e00000| Untracked 
|  27|0x0000000085f00000, 0x0000000086000000, 0x0000000086000000|100%| O|  |TAMS 0x0000000085f00000, 0x0000000085f00000| Untracked 
|  28|0x0000000086000000, 0x0000000086100000, 0x0000000086100000|100%| O|  |TAMS 0x0000000086000000, 0x0000000086000000| Untracked 
|  29|0x0000000086100000, 0x0000000086200000, 0x0000000086200000|100%| O|  |TAMS 0x0000000086100000, 0x0000000086100000| Untracked 
|  30|0x0000000086200000, 0x0000000086300000, 0x0000000086300000|100%| O|  |TAMS 0x0000000086200000, 0x0000000086200000| Untracked 
|  31|0x0000000086300000, 0x0000000086300000, 0x0000000086400000|  0%| F|  |TAMS 0x0000000086300000, 0x0000000086300000| Untracked 
|  32|0x0000000086400000, 0x0000000086400000, 0x0000000086500000|  0%| F|  |TAMS 0x0000000086400000, 0x0000000086400000| Untracked 
|  33|0x0000000086500000, 0x0000000086500000, 0x0000000086600000|  0%| F|  |TAMS 0x0000000086500000, 0x0000000086500000| Untracked 
|  34|0x0000000086600000, 0x0000000086600000, 0x0000000086700000|  0%| F|  |TAMS 0x0000000086600000, 0x0000000086600000| Untracked 
|  35|0x0000000086700000, 0x0000000086800000, 0x0000000086800000|100%| O|  |TAMS 0x0000000086700000, 0x0000000086700000| Untracked 
|  36|0x0000000086800000, 0x0000000086900000, 0x0000000086900000|100%| O|  |TAMS 0x0000000086800000, 0x0000000086800000| Untracked 
|  37|0x0000000086900000, 0x0000000086a00000, 0x0000000086a00000|100%| O|  |TAMS 0x0000000086900000, 0x0000000086900000| Untracked 
|  38|0x0000000086a00000, 0x0000000086b00000, 0x0000000086b00000|100%| O|  |TAMS 0x0000000086a00000, 0x0000000086a00000| Untracked 
|  39|0x0000000086b00000, 0x0000000086c00000, 0x0000000086c00000|100%| O|  |TAMS 0x0000000086b00000, 0x0000000086b00000| Untracked 
|  40|0x0000000086c00000, 0x0000000086c00000, 0x0000000086d00000|  0%| F|  |TAMS 0x0000000086c00000, 0x0000000086c00000| Untracked 
|  41|0x0000000086d00000, 0x0000000086d00000, 0x0000000086e00000|  0%| F|  |TAMS 0x0000000086d00000, 0x0000000086d00000| Untracked 
|  42|0x0000000086e00000, 0x0000000086e00000, 0x0000000086f00000|  0%| F|  |TAMS 0x0000000086e00000, 0x0000000086e00000| Untracked 
|  43|0x0000000086f00000, 0x0000000086f00000, 0x0000000087000000|  0%| F|  |TAMS 0x0000000086f00000, 0x0000000086f00000| Untracked 
|  44|0x0000000087000000, 0x0000000087000000, 0x0000000087100000|  0%| F|  |TAMS 0x0000000087000000, 0x0000000087000000| Untracked 
|  45|0x0000000087100000, 0x0000000087100000, 0x0000000087200000|  0%| F|  |TAMS 0x0000000087100000, 0x0000000087100000| Untracked 
|  46|0x0000000087200000, 0x0000000087200000, 0x0000000087300000|  0%| F|  |TAMS 0x0000000087200000, 0x0000000087200000| Untracked 
|  47|0x0000000087300000, 0x0000000087300000, 0x0000000087400000|  0%| F|  |TAMS 0x0000000087300000, 0x0000000087300000| Untracked 
|  48|0x0000000087400000, 0x0000000087400000, 0x0000000087500000|  0%| F|  |TAMS 0x0000000087400000, 0x0000000087400000| Untracked 
|  49|0x0000000087500000, 0x0000000087500000, 0x0000000087600000|  0%| F|  |TAMS 0x0000000087500000, 0x0000000087500000| Untracked 
|  50|0x0000000087600000, 0x0000000087600000, 0x0000000087700000|  0%| F|  |TAMS 0x0000000087600000, 0x0000000087600000| Untracked 
|  51|0x0000000087700000, 0x0000000087700000, 0x0000000087800000|  0%| F|  |TAMS 0x0000000087700000, 0x0000000087700000| Untracked 
|  52|0x0000000087800000, 0x0000000087800000, 0x0000000087900000|  0%| F|  |TAMS 0x0000000087800000, 0x0000000087800000| Untracked 
|  53|0x0000000087900000, 0x0000000087900000, 0x0000000087a00000|  0%| F|  |TAMS 0x0000000087900000, 0x0000000087900000| Untracked 
|  54|0x0000000087a00000, 0x0000000087a00000, 0x0000000087b00000|  0%| F|  |TAMS 0x0000000087a00000, 0x0000000087a00000| Untracked 
|  55|0x0000000087b00000, 0x0000000087b00000, 0x0000000087c00000|  0%| F|  |TAMS 0x0000000087b00000, 0x0000000087b00000| Untracked 
|  56|0x0000000087c00000, 0x0000000087c00000, 0x0000000087d00000|  0%| F|  |TAMS 0x0000000087c00000, 0x0000000087c00000| Untracked 
|  57|0x0000000087d00000, 0x0000000087d00000, 0x0000000087e00000|  0%| F|  |TAMS 0x0000000087d00000, 0x0000000087d00000| Untracked 
|  58|0x0000000087e00000, 0x0000000087e00000, 0x0000000087f00000|  0%| F|  |TAMS 0x0000000087e00000, 0x0000000087e00000| Untracked 
|  59|0x0000000087f00000, 0x0000000087f00000, 0x0000000088000000|  0%| F|  |TAMS 0x0000000087f00000, 0x0000000087f00000| Untracked 
|  60|0x0000000088000000, 0x000000008805c568, 0x0000000088100000| 36%| S|CS|TAMS 0x0000000088000000, 0x0000000088000000| Complete 
|  61|0x0000000088100000, 0x0000000088200000, 0x0000000088200000|100%| S|CS|TAMS 0x0000000088100000, 0x0000000088100000| Complete 
|  62|0x0000000088200000, 0x0000000088200000, 0x0000000088300000|  0%| F|  |TAMS 0x0000000088200000, 0x0000000088200000| Untracked 
|  63|0x0000000088300000, 0x0000000088300000, 0x0000000088400000|  0%| F|  |TAMS 0x0000000088300000, 0x0000000088300000| Untracked 
|  64|0x0000000088400000, 0x0000000088400000, 0x0000000088500000|  0%| F|  |TAMS 0x0000000088400000, 0x0000000088400000| Untracked 
|  65|0x0000000088500000, 0x0000000088500000, 0x0000000088600000|  0%| F|  |TAMS 0x0000000088500000, 0x0000000088500000| Untracked 
|  66|0x0000000088600000, 0x0000000088700000, 0x0000000088700000|100%| S|CS|TAMS 0x0000000088600000, 0x0000000088600000| Complete 
|  67|0x0000000088700000, 0x0000000088700000, 0x0000000088800000|  0%| F|  |TAMS 0x0000000088700000, 0x0000000088700000| Untracked 
|  68|0x0000000088800000, 0x0000000088800000, 0x0000000088900000|  0%| F|  |TAMS 0x0000000088800000, 0x0000000088800000| Untracked 
|  69|0x0000000088900000, 0x0000000088900000, 0x0000000088a00000|  0%| F|  |TAMS 0x0000000088900000, 0x0000000088900000| Untracked 
|  70|0x0000000088a00000, 0x0000000088a00000, 0x0000000088b00000|  0%| F|  |TAMS 0x0000000088a00000, 0x0000000088a00000| Untracked 
|  71|0x0000000088b00000, 0x0000000088b00000, 0x0000000088c00000|  0%| F|  |TAMS 0x0000000088b00000, 0x0000000088b00000| Untracked 
|  72|0x0000000088c00000, 0x0000000088c00000, 0x0000000088d00000|  0%| F|  |TAMS 0x0000000088c00000, 0x0000000088c00000| Untracked 
|  73|0x0000000088d00000, 0x0000000088d00000, 0x0000000088e00000|  0%| F|  |TAMS 0x0000000088d00000, 0x0000000088d00000| Untracked 
|  74|0x0000000088e00000, 0x0000000088e00000, 0x0000000088f00000|  0%| F|  |TAMS 0x0000000088e00000, 0x0000000088e00000| Untracked 
|  75|0x0000000088f00000, 0x0000000088f00000, 0x0000000089000000|  0%| F|  |TAMS 0x0000000088f00000, 0x0000000088f00000| Untracked 
|  76|0x0000000089000000, 0x0000000089000000, 0x0000000089100000|  0%| F|  |TAMS 0x0000000089000000, 0x0000000089000000| Untracked 
|  77|0x0000000089100000, 0x0000000089100000, 0x0000000089200000|  0%| F|  |TAMS 0x0000000089100000, 0x0000000089100000| Untracked 
|  78|0x0000000089200000, 0x0000000089200000, 0x0000000089300000|  0%| F|  |TAMS 0x0000000089200000, 0x0000000089200000| Untracked 
|  79|0x0000000089300000, 0x0000000089300000, 0x0000000089400000|  0%| F|  |TAMS 0x0000000089300000, 0x0000000089300000| Untracked 
|  80|0x0000000089400000, 0x0000000089400000, 0x0000000089500000|  0%| F|  |TAMS 0x0000000089400000, 0x0000000089400000| Untracked 
|  81|0x0000000089500000, 0x0000000089500000, 0x0000000089600000|  0%| F|  |TAMS 0x0000000089500000, 0x0000000089500000| Untracked 
|  82|0x0000000089600000, 0x0000000089600000, 0x0000000089700000|  0%| F|  |TAMS 0x0000000089600000, 0x0000000089600000| Untracked 
|  83|0x0000000089700000, 0x0000000089700000, 0x0000000089800000|  0%| F|  |TAMS 0x0000000089700000, 0x0000000089700000| Untracked 
|  84|0x0000000089800000, 0x0000000089800000, 0x0000000089900000|  0%| F|  |TAMS 0x0000000089800000, 0x0000000089800000| Untracked 
|  85|0x0000000089900000, 0x0000000089900000, 0x0000000089a00000|  0%| F|  |TAMS 0x0000000089900000, 0x0000000089900000| Untracked 
|  86|0x0000000089a00000, 0x0000000089a00000, 0x0000000089b00000|  0%| F|  |TAMS 0x0000000089a00000, 0x0000000089a00000| Untracked 
|  87|0x0000000089b00000, 0x0000000089b00000, 0x0000000089c00000|  0%| F|  |TAMS 0x0000000089b00000, 0x0000000089b00000| Untracked 
|  88|0x0000000089c00000, 0x0000000089c00000, 0x0000000089d00000|  0%| F|  |TAMS 0x0000000089c00000, 0x0000000089c00000| Untracked 
|  89|0x0000000089d00000, 0x0000000089d00000, 0x0000000089e00000|  0%| F|  |TAMS 0x0000000089d00000, 0x0000000089d00000| Untracked 
|  90|0x0000000089e00000, 0x0000000089e00000, 0x0000000089f00000|  0%| F|  |TAMS 0x0000000089e00000, 0x0000000089e00000| Untracked 
|  91|0x0000000089f00000, 0x0000000089f00000, 0x000000008a000000|  0%| F|  |TAMS 0x0000000089f00000, 0x0000000089f00000| Untracked 
|  92|0x000000008a000000, 0x000000008a000000, 0x000000008a100000|  0%| F|  |TAMS 0x000000008a000000, 0x000000008a000000| Untracked 
|  93|0x000000008a100000, 0x000000008a15cb18, 0x000000008a200000| 36%| E|  |TAMS 0x000000008a100000, 0x000000008a100000| Complete 
|  94|0x000000008a200000, 0x000000008a300000, 0x000000008a300000|100%| E|CS|TAMS 0x000000008a200000, 0x000000008a200000| Complete 
|  95|0x000000008a300000, 0x000000008a400000, 0x000000008a400000|100%| E|CS|TAMS 0x000000008a300000, 0x000000008a300000| Complete 
|  96|0x000000008a400000, 0x000000008a500000, 0x000000008a500000|100%| E|CS|TAMS 0x000000008a400000, 0x000000008a400000| Complete 
|  97|0x000000008a500000, 0x000000008a600000, 0x000000008a600000|100%| E|CS|TAMS 0x000000008a500000, 0x000000008a500000| Complete 
|  98|0x000000008a600000, 0x000000008a700000, 0x000000008a700000|100%| E|CS|TAMS 0x000000008a600000, 0x000000008a600000| Complete 
|  99|0x000000008a700000, 0x000000008a800000, 0x000000008a800000|100%| E|CS|TAMS 0x000000008a700000, 0x000000008a700000| Complete 
| 100|0x000000008a800000, 0x000000008a900000, 0x000000008a900000|100%| E|CS|TAMS 0x000000008a800000, 0x000000008a800000| Complete 
| 123|0x000000008bf00000, 0x000000008c000000, 0x000000008c000000|100%| E|CS|TAMS 0x000000008bf00000, 0x000000008bf00000| Complete 
|1974|0x00000000ffa00000, 0x00000000ffb00000, 0x00000000ffb00000|100%| O|  |TAMS 0x00000000ffa00000, 0x00000000ffa00000| Untracked 
|1975|0x00000000ffb00000, 0x00000000ffc00000, 0x00000000ffc00000|100%| O|  |TAMS 0x00000000ffb00000, 0x00000000ffb00000| Untracked 
|1976|0x00000000ffc00000, 0x00000000ffd00000, 0x00000000ffd00000|100%| O|  |TAMS 0x00000000ffc00000, 0x00000000ffc00000| Untracked 
|1977|0x00000000ffd00000, 0x00000000ffe00000, 0x00000000ffe00000|100%| O|  |TAMS 0x00000000ffd00000, 0x00000000ffd00000| Untracked 
|1978|0x00000000ffe00000, 0x00000000fff00000, 0x00000000fff00000|100%| O|  |TAMS 0x00000000ffe00000, 0x00000000ffe00000| Untracked 
|1979|0x00000000fff00000, 0x0000000100000000, 0x0000000100000000|100%| O|  |TAMS 0x00000000fff00000, 0x00000000fff00000| Untracked 

Card table byte_map: [0x0000023ef6380000,0x0000023ef6760000] _byte_map_base: 0x0000023ef5f5e000

Marking Bits (Prev, Next): (CMBitMap*) 0x0000023edd2e6480, (CMBitMap*) 0x0000023edd2e6440
 Prev Bits: [0x0000023ef8a30000, 0x0000023efa920000)
 Next Bits: [0x0000023ef6b40000, 0x0000023ef8a30000)

Polling page: 0x0000023edd470000

Metaspace:

Usage:
  Non-class:     24.86 MB used.
      Class:      3.18 MB used.
       Both:     28.05 MB used.

Virtual space:
  Non-class space:       32.00 MB reserved,      25.00 MB ( 78%) committed,  4 nodes.
      Class space:        1.00 GB reserved,       3.38 MB ( <1%) committed,  1 nodes.
             Both:        1.03 GB reserved,      28.38 MB (  3%) committed. 

Chunk freelists:
   Non-Class:  2.89 MB
       Class:  610.00 KB
        Both:  3.49 MB

MaxMetaspaceSize: unlimited
CompressedClassSpaceSize: 1.00 GB
Initial GC threshold: 21.00 MB
Current GC threshold: 35.44 MB
CDS: on
MetaspaceReclaimPolicy: balanced
 - commit_granule_bytes: 65536.
 - commit_granule_words: 8192.
 - virtual_space_node_default_size: 1048576.
 - enlarge_chunks_in_place: 1.
 - new_chunks_are_fully_committed: 0.
 - uncommit_free_chunks: 1.
 - use_allocation_guard: 0.
 - handle_deallocations: 1.


Internal statistics:

num_allocs_failed_limit: 3.
num_arena_births: 182.
num_arena_deaths: 0.
num_vsnodes_births: 5.
num_vsnodes_deaths: 0.
num_space_committed: 454.
num_space_uncommitted: 0.
num_chunks_returned_to_freelist: 3.
num_chunks_taken_from_freelist: 1192.
num_chunk_merges: 3.
num_chunk_splits: 838.
num_chunks_enlarged: 648.
num_purges: 0.
num_inconsistent_stats: 0.

CodeHeap 'non-profiled nmethods': size=120000Kb used=2837Kb max_used=3187Kb free=117162Kb
 bounds [0x0000023eee010000, 0x0000023eee330000, 0x0000023ef5540000]
CodeHeap 'profiled nmethods': size=120000Kb used=9544Kb max_used=11336Kb free=110455Kb
 bounds [0x0000023ee6540000, 0x0000023ee7060000, 0x0000023eeda70000]
CodeHeap 'non-nmethods': size=5760Kb used=1258Kb max_used=1291Kb free=4501Kb
 bounds [0x0000023eeda70000, 0x0000023eedce0000, 0x0000023eee010000]
 total_blobs=5474 nmethods=4919 adapters=465
 compilation: enabled
              stopped_count=0, restarted_count=0
 full_count=0

Compilation events (20 events):
Event: 4.302 Thread 0x0000023efd3ca9d0 5738       3       java.lang.ProcessEnvironment$CheckedEntry::getKey (5 bytes)
Event: 4.302 Thread 0x0000023efd3ca9d0 nmethod 5738 0x0000023ee6871790 code [0x0000023ee6871940, 0x0000023ee6871c68]
Event: 4.302 Thread 0x0000023efd3ca9d0 5734       3       java.lang.ProcessEnvironment$CheckedEntrySet$1::next (20 bytes)
Event: 4.302 Thread 0x0000023efd3ca9d0 nmethod 5734 0x0000023ee66c6b90 code [0x0000023ee66c6d60, 0x0000023ee66c71c8]
Event: 4.302 Thread 0x0000023efd3ca9d0 5735       3       java.lang.ProcessEnvironment$CheckedEntry::<init> (10 bytes)
Event: 4.302 Thread 0x0000023efd3ca9d0 nmethod 5735 0x0000023ee674a290 code [0x0000023ee674a420, 0x0000023ee674a5d8]
Event: 4.322 Thread 0x0000023efd3ca9d0 5742       3       java.util.zip.CRC32::update (51 bytes)
Event: 4.322 Thread 0x0000023efd3ca9d0 nmethod 5742 0x0000023ee678f910 code [0x0000023ee678fb00, 0x0000023ee678ff88]
Event: 4.322 Thread 0x0000023efd3ca9d0 5743       3       java.util.zip.CRC32::updateBytes (14 bytes)
Event: 4.323 Thread 0x0000023efd3ca9d0 nmethod 5743 0x0000023ee6778a90 code [0x0000023ee6778c40, 0x0000023ee6778da8]
Event: 4.325 Thread 0x0000023efd3c9fe0 5744       4       java.util.jar.JarFile::maybeInstantiateVerifier (42 bytes)
Event: 4.326 Thread 0x0000023efd3c9fe0 nmethod 5744 0x0000023eee027410 code [0x0000023eee0275a0, 0x0000023eee027688]
Event: 4.337 Thread 0x0000023efd3ca9d0 5745       3       java.lang.String::codePointAt (50 bytes)
Event: 4.337 Thread 0x0000023efd3ca9d0 nmethod 5745 0x0000023ee67f9210 code [0x0000023ee67f9400, 0x0000023ee67f97a8]
Event: 4.337 Thread 0x0000023efd3ca9d0 5746       3       java.lang.invoke.Invokers$Holder::linkToTargetMethod (9 bytes)
Event: 4.338 Thread 0x0000023efd3ca9d0 nmethod 5746 0x0000023ee68d5090 code [0x0000023ee68d5240, 0x0000023ee68d5558]
Event: 4.338 Thread 0x0000023efd3ca9d0 5747       3       java.lang.AbstractStringBuilder::append (45 bytes)
Event: 4.339 Thread 0x0000023efd3ca9d0 nmethod 5747 0x0000023ee6d64b10 code [0x0000023ee6d64ce0, 0x0000023ee6d65028]
Event: 4.339 Thread 0x0000023efd3ca9d0 5748       3       java.util.HashMap::putVal (300 bytes)
Event: 4.340 Thread 0x0000023efd3ca9d0 nmethod 5748 0x0000023ee696d590 code [0x0000023ee696d840, 0x0000023ee696ea98]

GC Heap History (14 events):
Event: 0.623 GC heap before
{Heap before GC invocations=0 (full 0):
 garbage-first heap   total 126976K, used 22528K [0x0000000084400000, 0x0000000100000000)
  region size 1024K, 23 young (23552K), 0 survivors (0K)
 Metaspace       used 5678K, committed 5824K, reserved 1056768K
  class space    used 656K, committed 704K, reserved 1048576K
}
Event: 0.630 GC heap after
{Heap after GC invocations=1 (full 0):
 garbage-first heap   total 126976K, used 3995K [0x0000000084400000, 0x0000000100000000)
  region size 1024K, 3 young (3072K), 3 survivors (3072K)
 Metaspace       used 5678K, committed 5824K, reserved 1056768K
  class space    used 656K, committed 704K, reserved 1048576K
}
Event: 1.085 GC heap before
{Heap before GC invocations=1 (full 0):
 garbage-first heap   total 126976K, used 34715K [0x0000000084400000, 0x0000000100000000)
  region size 1024K, 33 young (33792K), 3 survivors (3072K)
 Metaspace       used 10443K, committed 10624K, reserved 1064960K
  class space    used 1261K, committed 1344K, reserved 1048576K
}
Event: 1.093 GC heap after
{Heap after GC invocations=2 (full 0):
 garbage-first heap   total 126976K, used 6427K [0x0000000084400000, 0x0000000100000000)
  region size 1024K, 3 young (3072K), 3 survivors (3072K)
 Metaspace       used 10443K, committed 10624K, reserved 1064960K
  class space    used 1261K, committed 1344K, reserved 1048576K
}
Event: 1.846 GC heap before
{Heap before GC invocations=2 (full 0):
 garbage-first heap   total 126976K, used 79131K [0x0000000084400000, 0x0000000100000000)
  region size 1024K, 74 young (75776K), 3 survivors (3072K)
 Metaspace       used 13443K, committed 13632K, reserved 1064960K
  class space    used 1520K, committed 1664K, reserved 1048576K
}
Event: 1.862 GC heap after
{Heap after GC invocations=3 (full 0):
 garbage-first heap   total 126976K, used 13113K [0x0000000084400000, 0x0000000100000000)
  region size 1024K, 9 young (9216K), 9 survivors (9216K)
 Metaspace       used 13443K, committed 13632K, reserved 1064960K
  class space    used 1520K, committed 1664K, reserved 1048576K
}
Event: 2.605 GC heap before
{Heap before GC invocations=3 (full 0):
 garbage-first heap   total 126976K, used 65337K [0x0000000084400000, 0x0000000100000000)
  region size 1024K, 57 young (58368K), 9 survivors (9216K)
 Metaspace       used 21255K, committed 21504K, reserved 1073152K
  class space    used 2429K, committed 2560K, reserved 1048576K
}
Event: 2.621 GC heap after
{Heap after GC invocations=4 (full 0):
 garbage-first heap   total 126976K, used 23086K [0x0000000084400000, 0x0000000100000000)
  region size 1024K, 7 young (7168K), 7 survivors (7168K)
 Metaspace       used 21255K, committed 21504K, reserved 1073152K
  class space    used 2429K, committed 2560K, reserved 1048576K
}
Event: 3.049 GC heap before
{Heap before GC invocations=5 (full 0):
 garbage-first heap   total 86016K, used 66094K [0x0000000084400000, 0x0000000100000000)
  region size 1024K, 49 young (50176K), 7 survivors (7168K)
 Metaspace       used 23233K, committed 23488K, reserved 1073152K
  class space    used 2651K, committed 2752K, reserved 1048576K
}
Event: 3.069 GC heap after
{Heap after GC invocations=6 (full 0):
 garbage-first heap   total 110592K, used 38446K [0x0000000084400000, 0x0000000100000000)
  region size 1024K, 7 young (7168K), 7 survivors (7168K)
 Metaspace       used 23233K, committed 23488K, reserved 1073152K
  class space    used 2651K, committed 2752K, reserved 1048576K
}
Event: 3.599 GC heap before
{Heap before GC invocations=6 (full 0):
 garbage-first heap   total 110592K, used 74286K [0x0000000084400000, 0x0000000100000000)
  region size 1024K, 43 young (44032K), 7 survivors (7168K)
 Metaspace       used 25417K, committed 25792K, reserved 1073152K
  class space    used 2893K, committed 3072K, reserved 1048576K
}
Event: 3.612 GC heap after
{Heap after GC invocations=7 (full 0):
 garbage-first heap   total 110592K, used 42542K [0x0000000084400000, 0x0000000100000000)
  region size 1024K, 4 young (4096K), 4 survivors (4096K)
 Metaspace       used 25417K, committed 25792K, reserved 1073152K
  class space    used 2893K, committed 3072K, reserved 1048576K
}
Event: 4.205 GC heap before
{Heap before GC invocations=7 (full 0):
 garbage-first heap   total 110592K, used 78382K [0x0000000084400000, 0x0000000100000000)
  region size 1024K, 39 young (39936K), 4 survivors (4096K)
 Metaspace       used 27457K, committed 27840K, reserved 1081344K
  class space    used 3090K, committed 3264K, reserved 1048576K
}
Event: 4.213 GC heap after
{Heap after GC invocations=8 (full 0):
 garbage-first heap   total 110592K, used 43423K [0x0000000084400000, 0x0000000100000000)
  region size 1024K, 3 young (3072K), 3 survivors (3072K)
 Metaspace       used 27457K, committed 27840K, reserved 1081344K
  class space    used 3090K, committed 3264K, reserved 1048576K
}

Deoptimization events (20 events):
Event: 4.337 Thread 0x0000023eff433f50 Uncommon trap: trap_request=0xffffff45 fr.pc=0x0000023eee10b124 relative=0x0000000000000564
Event: 4.337 Thread 0x0000023eff433f50 Uncommon trap: reason=unstable_if action=reinterpret pc=0x0000023eee10b124 method=java.lang.AbstractStringBuilder.putStringAt(ILjava/lang/String;II)V @ 8 c2
Event: 4.337 Thread 0x0000023eff433f50 DEOPT PACKING pc=0x0000023eee10b124 sp=0x00000074707ff190
Event: 4.337 Thread 0x0000023eff433f50 DEOPT UNPACKING pc=0x0000023eedac5ba3 sp=0x00000074707ff018 mode 2
Event: 4.337 Thread 0x0000023eff433f50 Uncommon trap: trap_request=0xffffff45 fr.pc=0x0000023eee0fd794 relative=0x0000000000000554
Event: 4.337 Thread 0x0000023eff433f50 Uncommon trap: reason=unstable_if action=reinterpret pc=0x0000023eee0fd794 method=java.lang.AbstractStringBuilder.putStringAt(ILjava/lang/String;II)V @ 8 c2
Event: 4.337 Thread 0x0000023eff433f50 DEOPT PACKING pc=0x0000023eee0fd794 sp=0x00000074707ff120
Event: 4.337 Thread 0x0000023eff433f50 DEOPT UNPACKING pc=0x0000023eedac5ba3 sp=0x00000074707ff010 mode 2
Event: 4.337 Thread 0x0000023eff433f50 Uncommon trap: trap_request=0xffffff45 fr.pc=0x0000023eee0bbac0 relative=0x0000000000000420
Event: 4.337 Thread 0x0000023eff433f50 Uncommon trap: reason=unstable_if action=reinterpret pc=0x0000023eee0bbac0 method=java.lang.StringBuilder.toString()Ljava/lang/String; @ 4 c2
Event: 4.337 Thread 0x0000023eff433f50 DEOPT PACKING pc=0x0000023eee0bbac0 sp=0x00000074707ff1a0
Event: 4.337 Thread 0x0000023eff433f50 DEOPT UNPACKING pc=0x0000023eedac5ba3 sp=0x00000074707ff180 mode 2
Event: 4.337 Thread 0x0000023eff433f50 Uncommon trap: trap_request=0xffffff45 fr.pc=0x0000023eee24dc00 relative=0x0000000000000080
Event: 4.337 Thread 0x0000023eff433f50 Uncommon trap: reason=unstable_if action=reinterpret pc=0x0000023eee24dc00 method=java.lang.String.codePointAt(I)I @ 4 c2
Event: 4.337 Thread 0x0000023eff433f50 DEOPT PACKING pc=0x0000023eee24dc00 sp=0x00000074707ff110
Event: 4.337 Thread 0x0000023eff433f50 DEOPT UNPACKING pc=0x0000023eedac5ba3 sp=0x00000074707ff0a8 mode 2
Event: 4.337 Thread 0x0000023eff433f50 Uncommon trap: trap_request=0xffffffc6 fr.pc=0x0000023eee1a2a04 relative=0x0000000000000264
Event: 4.337 Thread 0x0000023eff433f50 Uncommon trap: reason=bimorphic_or_optimized_type_check action=maybe_recompile pc=0x0000023eee1a2a04 method=java.util.regex.Matcher.getTextLength()I @ 4 c2
Event: 4.337 Thread 0x0000023eff433f50 DEOPT PACKING pc=0x0000023eee1a2a04 sp=0x00000074707ff200
Event: 4.337 Thread 0x0000023eff433f50 DEOPT UNPACKING pc=0x0000023eedac5ba3 sp=0x00000074707ff130 mode 2

Classes unloaded (0 events):
No events

Classes redefined (0 events):
No events

Internal exceptions (20 events):
Event: 3.672 Thread 0x0000023edd28dc10 Exception <a 'sun/nio/fs/WindowsException'{0x000000008a704b50}> (0x000000008a704b50) 
thrown [s\open\src\hotspot\share\prims\jni.cpp, line 516]
Event: 3.674 Thread 0x0000023edd28dc10 Exception <a 'sun/nio/fs/WindowsException'{0x000000008a71a570}> (0x000000008a71a570) 
thrown [s\open\src\hotspot\share\prims\jni.cpp, line 516]
Event: 3.675 Thread 0x0000023edd28dc10 Exception <a 'sun/nio/fs/WindowsException'{0x000000008a732590}> (0x000000008a732590) 
thrown [s\open\src\hotspot\share\prims\jni.cpp, line 516]
Event: 3.675 Thread 0x0000023edd28dc10 Exception <a 'sun/nio/fs/WindowsException'{0x000000008a732cd0}> (0x000000008a732cd0) 
thrown [s\open\src\hotspot\share\prims\jni.cpp, line 516]
Event: 3.675 Thread 0x0000023edd28dc10 Exception <a 'sun/nio/fs/WindowsException'{0x000000008a733438}> (0x000000008a733438) 
thrown [s\open\src\hotspot\share\prims\jni.cpp, line 516]
Event: 3.675 Thread 0x0000023edd28dc10 Exception <a 'sun/nio/fs/WindowsException'{0x000000008a733b78}> (0x000000008a733b78) 
thrown [s\open\src\hotspot\share\prims\jni.cpp, line 516]
Event: 3.675 Thread 0x0000023edd28dc10 Exception <a 'sun/nio/fs/WindowsException'{0x000000008a733ea0}> (0x000000008a733ea0) 
thrown [s\open\src\hotspot\share\prims\jni.cpp, line 516]
Event: 3.675 Thread 0x0000023edd28dc10 Exception <a 'sun/nio/fs/WindowsException'{0x000000008a734b50}> (0x000000008a734b50) 
thrown [s\open\src\hotspot\share\prims\jni.cpp, line 516]
Event: 3.675 Thread 0x0000023edd28dc10 Exception <a 'sun/nio/fs/WindowsException'{0x000000008a734e50}> (0x000000008a734e50) 
thrown [s\open\src\hotspot\share\prims\jni.cpp, line 516]
Event: 3.675 Thread 0x0000023edd28dc10 Exception <a 'sun/nio/fs/WindowsException'{0x000000008a735ae0}> (0x000000008a735ae0) 
thrown [s\open\src\hotspot\share\prims\jni.cpp, line 516]
Event: 3.676 Thread 0x0000023edd28dc10 Exception <a 'sun/nio/fs/WindowsException'{0x000000008a735db0}> (0x000000008a735db0) 
thrown [s\open\src\hotspot\share\prims\jni.cpp, line 516]
Event: 3.676 Thread 0x0000023edd28dc10 Exception <a 'sun/nio/fs/WindowsException'{0x000000008a736a28}> (0x000000008a736a28) 
thrown [s\open\src\hotspot\share\prims\jni.cpp, line 516]
Event: 3.676 Thread 0x0000023edd28dc10 Exception <a 'sun/nio/fs/WindowsException'{0x000000008a736cb8}> (0x000000008a736cb8) 
thrown [s\open\src\hotspot\share\prims\jni.cpp, line 516]
Event: 3.676 Thread 0x0000023edd28dc10 Exception <a 'sun/nio/fs/WindowsException'{0x000000008a737920}> (0x000000008a737920) 
thrown [s\open\src\hotspot\share\prims\jni.cpp, line 516]
Event: 3.996 Thread 0x0000023eff0ba300 Exception <a 'java/lang/NoSuchMethodError'{0x0000000088e42c88}: 'java.lang.Object java.lang.invoke.DirectMethodHandle$Holder.invokeStaticInit(java.lang.Object, java.lang.Object, long, java.lang.Object)'> (0x0000000088e42c88) 
thrown [s\open\src\hotspot\share\interpreter\linkResolver.cpp, line 759]
Event: 3.997 Thread 0x0000023eff0ba300 Exception <a 'java/lang/NoSuchMethodError'{0x0000000088e493c8}: 'java.lang.Object java.lang.invoke.DirectMethodHandle$Holder.newInvokeSpecial(java.lang.Object, java.lang.Object, long)'> (0x0000000088e493c8) 
thrown [s\open\src\hotspot\share\interpreter\linkResolver.cpp, line 759]
Event: 3.998 Thread 0x0000023eff0ba300 Exception <a 'java/lang/NoSuchMethodError'{0x0000000088e4cf38}: 'java.lang.Object java.lang.invoke.Invokers$Holder.linkToTargetMethod(java.lang.Object, long, java.lang.Object)'> (0x0000000088e4cf38) 
thrown [s\open\src\hotspot\share\interpreter\linkResolver.cpp, line 759]
Event: 4.240 Thread 0x0000023edd28dc10 Implicit null exception at 0x0000023eee0ea258 to 0x0000023eee0ea2ee
Event: 4.315 Thread 0x0000023edd28dc10 Exception <a 'java/lang/NoSuchMethodError'{0x000000008a463678}: 'void java.lang.invoke.DirectMethodHandle$Holder.invokeStatic(java.lang.Object, long)'> (0x000000008a463678) 
thrown [s\open\src\hotspot\share\interpreter\linkResolver.cpp, line 759]
Event: 4.316 Thread 0x0000023edd28dc10 Exception <a 'java/lang/NoSuchMethodError'{0x000000008a468cc8}: 'java.lang.Object java.lang.invoke.DirectMethodHandle$Holder.newInvokeSpecial(java.lang.Object, long)'> (0x000000008a468cc8) 
thrown [s\open\src\hotspot\share\interpreter\linkResolver.cpp, line 759]

VM Operations (20 events):
Event: 3.844 Executing VM operation: HandshakeAllThreads
Event: 3.844 Executing VM operation: HandshakeAllThreads done
Event: 3.856 Executing VM operation: HandshakeAllThreads
Event: 3.856 Executing VM operation: HandshakeAllThreads done
Event: 3.868 Executing VM operation: HandshakeAllThreads
Event: 3.868 Executing VM operation: HandshakeAllThreads done
Event: 3.978 Executing VM operation: HandshakeAllThreads
Event: 3.978 Executing VM operation: HandshakeAllThreads done
Event: 3.999 Executing VM operation: HandshakeAllThreads
Event: 3.999 Executing VM operation: HandshakeAllThreads done
Event: 4.205 Executing VM operation: G1CollectForAllocation
Event: 4.213 Executing VM operation: G1CollectForAllocation done
Event: 4.262 Executing VM operation: HandshakeAllThreads
Event: 4.262 Executing VM operation: HandshakeAllThreads done
Event: 4.263 Executing VM operation: HandshakeAllThreads
Event: 4.263 Executing VM operation: HandshakeAllThreads done
Event: 4.318 Executing VM operation: HandshakeAllThreads
Event: 4.318 Executing VM operation: HandshakeAllThreads done
Event: 4.321 Executing VM operation: HandshakeAllThreads
Event: 4.321 Executing VM operation: HandshakeAllThreads done

Events (20 events):
Event: 4.317 loading class java/lang/ProcessImpl$2 done
Event: 4.317 loading class java/lang/Process$PipeInputStream
Event: 4.317 loading class java/lang/Process$PipeInputStream done
Event: 4.318 loading class jdk/internal/event/ProcessStartEvent
Event: 4.318 loading class jdk/internal/event/Event
Event: 4.318 loading class jdk/internal/event/Event done
Event: 4.318 loading class jdk/internal/event/ProcessStartEvent done
Event: 4.319 loading class java/nio/channels/ClosedChannelException
Event: 4.319 loading class java/nio/channels/ClosedChannelException done
Event: 4.321 loading class java/nio/channels/NonReadableChannelException
Event: 4.321 loading class java/nio/channels/NonReadableChannelException done
Event: 4.322 loading class java/nio/channels/NonWritableChannelException
Event: 4.322 loading class java/nio/channels/NonWritableChannelException done
Event: 4.332 Thread 0x0000023eff433f50 Thread added: 0x0000023eff433f50
Event: 4.332 Thread 0x0000023e81344000 Thread added: 0x0000023e81344000
Event: 4.333 loading class java/util/Scanner
Event: 4.335 loading class java/util/Scanner done
Event: 4.336 loading class java/util/Scanner$PatternLRUCache
Event: 4.336 loading class java/util/Scanner$PatternLRUCache done
Event: 4.340 Thread 0x0000023e81346b50 Thread added: 0x0000023e81346b50


Dynamic libraries:
0x00007ff6793d0000 - 0x00007ff6793e0000 	E:\Java\jdk-17\bin\java.exe
0x00007ffe59af0000 - 0x00007ffe59d07000 	C:\WINDOWS\SYSTEM32\ntdll.dll
0x00007ffe57d60000 - 0x00007ffe57e24000 	C:\WINDOWS\System32\KERNEL32.DLL
0x00007ffe57140000 - 0x00007ffe574e5000 	C:\WINDOWS\System32\KERNELBASE.dll
0x00007ffe575b0000 - 0x00007ffe576c1000 	C:\WINDOWS\System32\ucrtbase.dll
0x00007ffe391b0000 - 0x00007ffe391c9000 	E:\Java\jdk-17\bin\jli.dll
0x00007ffe3de80000 - 0x00007ffe3de9b000 	E:\Java\jdk-17\bin\VCRUNTIME140.dll
0x00007ffe58fa0000 - 0x00007ffe59051000 	C:\WINDOWS\System32\ADVAPI32.dll
0x00007ffe58ef0000 - 0x00007ffe58f97000 	C:\WINDOWS\System32\msvcrt.dll
0x00007ffe59760000 - 0x00007ffe59806000 	C:\WINDOWS\System32\sechost.dll
0x00007ffe57840000 - 0x00007ffe57957000 	C:\WINDOWS\System32\RPCRT4.dll
0x00007ffe59060000 - 0x00007ffe5920e000 	C:\WINDOWS\System32\USER32.dll
0x00007ffe38dd0000 - 0x00007ffe39063000 	C:\WINDOWS\WinSxS\amd64_microsoft.windows.common-controls_6595b64144ccf1df_6.0.22621.2506_none_270c5ae97388e100\COMCTL32.dll
0x00007ffe56ee0000 - 0x00007ffe56f06000 	C:\WINDOWS\System32\win32u.dll
0x00007ffe59210000 - 0x00007ffe59239000 	C:\WINDOWS\System32\GDI32.dll
0x00007ffe56f10000 - 0x00007ffe57029000 	C:\WINDOWS\System32\gdi32full.dll
0x00007ffe570a0000 - 0x00007ffe5713a000 	C:\WINDOWS\System32\msvcp_win.dll
0x00007ffe43170000 - 0x00007ffe4317a000 	C:\WINDOWS\SYSTEM32\VERSION.dll
0x00007ffe58700000 - 0x00007ffe58731000 	C:\WINDOWS\System32\IMM32.DLL
0x00007ffe52300000 - 0x00007ffe5230c000 	E:\Java\jdk-17\bin\vcruntime140_1.dll
0x00007ffe27c90000 - 0x00007ffe27d1e000 	E:\Java\jdk-17\bin\msvcp140.dll
0x00007ffda2170000 - 0x00007ffda2d4d000 	E:\Java\jdk-17\bin\server\jvm.dll
0x00007ffe58e00000 - 0x00007ffe58e08000 	C:\WINDOWS\System32\PSAPI.DLL
0x00007ffe47db0000 - 0x00007ffe47db9000 	C:\WINDOWS\SYSTEM32\WSOCK32.dll
0x00007ffe48af0000 - 0x00007ffe48b24000 	C:\WINDOWS\SYSTEM32\WINMM.dll
0x00007ffe58d80000 - 0x00007ffe58df1000 	C:\WINDOWS\System32\WS2_32.dll
0x00007ffe55eb0000 - 0x00007ffe55ec8000 	C:\WINDOWS\SYSTEM32\kernel.appcore.dll
0x00007ffe3de70000 - 0x00007ffe3de7a000 	E:\Java\jdk-17\bin\jimage.dll
0x000000006cc20000 - 0x000000006cdb6000 	C:\Program Files\Microsoft SQL Server\120\Shared\DBGHELP.DLL
0x00007ffe52370000 - 0x00007ffe5237e000 	E:\Java\jdk-17\bin\instrument.dll
0x00007ffe35900000 - 0x00007ffe35925000 	E:\Java\jdk-17\bin\java.dll
0x00007ffe27bb0000 - 0x00007ffe27c87000 	E:\Java\jdk-17\bin\jsvml.dll
0x00007ffe57e30000 - 0x00007ffe58689000 	C:\WINDOWS\System32\SHELL32.dll
0x00007ffe54d40000 - 0x00007ffe55634000 	C:\WINDOWS\SYSTEM32\windows.storage.dll
0x00007ffe59340000 - 0x00007ffe596c9000 	C:\WINDOWS\System32\combase.dll
0x00007ffe54c00000 - 0x00007ffe54d3e000 	C:\WINDOWS\SYSTEM32\wintypes.dll
0x00007ffe58c80000 - 0x00007ffe58d73000 	C:\WINDOWS\System32\SHCORE.dll
0x00007ffe59a50000 - 0x00007ffe59aae000 	C:\WINDOWS\System32\shlwapi.dll
0x00007ffe56d90000 - 0x00007ffe56db6000 	C:\WINDOWS\SYSTEM32\profapi.dll
0x00007ffe2ce80000 - 0x00007ffe2ce98000 	E:\Java\jdk-17\bin\zip.dll
0x00007ffe2ea80000 - 0x00007ffe2ea99000 	E:\java\jdk-17\bin\net.dll
0x00007ffe4bd10000 - 0x00007ffe4be47000 	C:\WINDOWS\SYSTEM32\WINHTTP.dll
0x00007ffe56380000 - 0x00007ffe563e9000 	C:\WINDOWS\system32\mswsock.dll
0x00007ffe2dfc0000 - 0x00007ffe2dfd6000 	E:\java\jdk-17\bin\nio.dll
0x00007ffe357c0000 - 0x00007ffe357da000 	D:\Program Files\IntelliJ IDEA\IntelliJ IDEA 2023.1.3\bin\breakgen64.dll
0x00007ffe391a0000 - 0x00007ffe391b0000 	E:\Java\jdk-17\bin\verify.dll
0x00007ffe56620000 - 0x00007ffe5663b000 	C:\WINDOWS\SYSTEM32\CRYPTSP.dll
0x00007ffe55e70000 - 0x00007ffe55ea5000 	C:\WINDOWS\system32\rsaenh.dll
0x00007ffe56420000 - 0x00007ffe5644c000 	C:\WINDOWS\SYSTEM32\USERENV.dll
0x00007ffe567f0000 - 0x00007ffe56818000 	C:\WINDOWS\SYSTEM32\bcrypt.dll
0x00007ffe56e60000 - 0x00007ffe56eda000 	C:\WINDOWS\System32\bcryptprimitives.dll
0x00007ffe56580000 - 0x00007ffe5658c000 	C:\WINDOWS\SYSTEM32\CRYPTBASE.dll
0x00007ffe55910000 - 0x00007ffe5593d000 	C:\WINDOWS\SYSTEM32\IPHLPAPI.DLL
0x00007ffe587f0000 - 0x00007ffe587f9000 	C:\WINDOWS\System32\NSI.dll
0x00007ffe4af40000 - 0x00007ffe4af59000 	C:\WINDOWS\SYSTEM32\dhcpcsvc6.DLL
0x00007ffe4adf0000 - 0x00007ffe4ae0f000 	C:\WINDOWS\SYSTEM32\dhcpcsvc.DLL
0x00007ffe55940000 - 0x00007ffe55a39000 	C:\WINDOWS\SYSTEM32\DNSAPI.dll
0x00007ffe35870000 - 0x00007ffe3587a000 	C:\Users\Admin\AppData\Local\Temp\jansi-1.17.1-7102020963710247264.dll
0x00007ffe55f30000 - 0x00007ffe55f64000 	C:\WINDOWS\SYSTEM32\ntmarta.dll

dbghelp: loaded successfully - version: 4.0.5 - missing functions: none
symbol engine: initialized successfully - sym options: 0x614 - pdb path: .;E:\Java\jdk-17\bin;C:\WINDOWS\SYSTEM32;C:\WINDOWS\WinSxS\amd64_microsoft.windows.common-controls_6595b64144ccf1df_6.0.22621.2506_none_270c5ae97388e100;E:\Java\jdk-17\bin\server;C:\Program Files\Microsoft SQL Server\120\Shared;D:\Program Files\IntelliJ IDEA\IntelliJ IDEA 2023.1.3\bin;C:\Users\Admin\AppData\Local\Temp

VM Arguments:
jvm_args: -Dmaven.multiModuleProjectDirectory=D:\DataService\persistence-library -Djansi.passthrough=true -Dmaven.home=D:\Program Files\IntelliJ IDEA\IntelliJ IDEA 2023.1.3\plugins\maven\lib\maven3 -Dclassworlds.conf=D:\Program Files\IntelliJ IDEA\IntelliJ IDEA 2023.1.3\plugins\maven\lib\maven3\bin\m2.conf -Dmaven.ext.class.path=D:\Program Files\IntelliJ IDEA\IntelliJ IDEA 2023.1.3\plugins\maven\lib\maven-event-listener.jar -javaagent:D:\Program Files\IntelliJ IDEA\IntelliJ IDEA 2023.1.3\lib\idea_rt.jar=53928:D:\Program Files\IntelliJ IDEA\IntelliJ IDEA 2023.1.3\bin -Dfile.encoding=UTF-8 
java_command: org.codehaus.classworlds.Launcher -Didea.version=2023.1.4 package
java_class_path (initial): D:\Program Files\IntelliJ IDEA\IntelliJ IDEA 2023.1.3\plugins\maven\lib\maven3\boot\plexus-classworlds-2.6.0.jar;D:\Program Files\IntelliJ IDEA\IntelliJ IDEA 2023.1.3\plugins\maven\lib\maven3\boot\plexus-classworlds.license
Launcher Type: SUN_STANDARD

[Global flags]
     intx CICompilerCount                          = 4                                         {product} {ergonomic}
     uint ConcGCThreads                            = 2                                         {product} {ergonomic}
     uint G1ConcRefinementThreads                  = 8                                         {product} {ergonomic}
   size_t G1HeapRegionSize                         = 1048576                                   {product} {ergonomic}
    uintx GCDrainStackTargetSize                   = 64                                        {product} {ergonomic}
   size_t InitialHeapSize                          = 130023424                                 {product} {ergonomic}
   size_t MarkStackSize                            = 4194304                                   {product} {ergonomic}
   size_t MaxHeapSize                              = 2076180480                                {product} {ergonomic}
   size_t MaxNewSize                               = 1245708288                                {product} {ergonomic}
   size_t MinHeapDeltaBytes                        = 1048576                                   {product} {ergonomic}
   size_t MinHeapSize                              = 8388608                                   {product} {ergonomic}
    uintx NonNMethodCodeHeapSize                   = 5839372                                {pd product} {ergonomic}
    uintx NonProfiledCodeHeapSize                  = 122909434                              {pd product} {ergonomic}
    uintx ProfiledCodeHeapSize                     = 122909434                              {pd product} {ergonomic}
    uintx ReservedCodeCacheSize                    = 251658240                              {pd product} {ergonomic}
     bool SegmentedCodeCache                       = true                                      {product} {ergonomic}
   size_t SoftMaxHeapSize                          = 2076180480                             {manageable} {ergonomic}
     bool UseCompressedClassPointers               = true                           {product lp64_product} {ergonomic}
     bool UseCompressedOops                        = true                           {product lp64_product} {ergonomic}
     bool UseG1GC                                  = true                                      {product} {ergonomic}
     bool UseLargePagesIndividualAllocation        = false                                  {pd product} {ergonomic}

Logging:
Log output configuration:
 #0: stdout all=warning uptime,level,tags
 #1: stderr all=off uptime,level,tags

Environment Variables:
JAVA_HOME=C:\Program Files\Java\jdk-21
PATH=C:\Program Files\Common Files\Oracle\Java\javapath;C:\Program Files (x86)\Common Files\Oracle\Java\javapath;C:\Windows\system32;C:\Windows;C:\Windows\System32\Wbem;C:\Windows\System32\WindowsPowerShell\v1.0\;C:\Windows\System32\OpenSSH\;C:\Program Files\NVIDIA Corporation\NVIDIA NvDLISR;C:\WINDOWS\system32;C:\WINDOWS;C:\WINDOWS\System32\Wbem;C:\WINDOWS\System32\WindowsPowerShell\v1.0\;C:\WINDOWS\System32\OpenSSH\;C:\Program Files\dotnet\;C:\Program Files\Microsoft SQL Server\Client SDK\ODBC\110\Tools\Binn\;C:\Program Files (x86)\Microsoft SQL Server\120\Tools\Binn\;C:\Program Files\Microsoft SQL Server\120\Tools\Binn\;C:\Program Files\Microsoft SQL Server\120\DTS\Binn\;C:\Program Files (x86)\Windows Kits\8.1\Windows Performance Toolkit\;D:\Program Files\Matlab\runtime\win64;D:\Program Files\Matlab\bin;D:\Program Files\Matlab\polyspace\bin;"C:\Users\Admin\AppData\Roaming\Microsoft\Windows\Start Menu\Programs\Python 3.10;C:\Users\Admin\AppData\Roaming\Microsoft\Windows\Start Menu\Programs\Python 3.10\Scripts";C:\Users\Admin\Downloads\jdk-19.0.1\bin;C:\Program Files\Microsoft SQL Server\150\Tools\Binn\;C:\Program Files\Microsoft SQL Server\Client SDK\ODBC\170\Tools\Binn\;C:\WINDOWS\system32;C:\WINDOWS;C:\WINDOWS\System32\Wbem;C:\WINDOWS\System32\WindowsPowerShell\v1.0\;C:\WINDOWS\System32\OpenSSH\;C:\Program Files\Git\cmd;C:\Users\Admin\AppData\Roaming\nvm;C:\Program Files\nodejs;E:\cass\apache-cassandra-3.11.16\bin;C:\Python27;C:\Program Files\MongoDB\Server\7.0\bin;C:\Program Files\Java\jdk-21\bin;C:\Program Files\MySQL\MySQL Shell 8.0\bin\;C:\Users\Admin\AppData\Local\Microsoft\WindowsApps;C:\Users\Admin\AppData\Roaming\npm;D:\Program Files\Visual Studio Code\Microsoft VS Code\bin;C:\MinGW\bin;C:\Users\Admin\AppData\Local\Programs\Python\Python310\Scripts;C:\Users\Admin\AppData\Local\Programs\Python\Python310;D:\Program Files\VS Code Insiders\Microsoft VS Code Insiders\bin;C:\Users\Admin\AppData\Roaming\nvm;C:\Program Files\nodejs;C:\Users\Admin\.dotnet\tools;D:\P
USERNAME=Admin
OS=Windows_NT
PROCESSOR_IDENTIFIER=Intel64 Family 6 Model 140 Stepping 1, GenuineIntel



---------------  S Y S T E M  ---------------

OS:
 Windows 11 , 64 bit Build 22621 (10.0.22621.2506)
OS uptime: 0 days 14:18 hours
Hyper-V role detected

CPU: total 8 (initial active 8) (4 cores per cpu, 2 threads per core) family 6 model 140 stepping 1 microcode 0xac, cx8, cmov, fxsr, ht, mmx, 3dnowpref, sse, sse2, sse3, ssse3, sse4.1, sse4.2, popcnt, lzcnt, tsc, tscinvbit, avx, avx2, aes, erms, clmul, bmi1, bmi2, adx, avx512f, avx512dq, avx512cd, avx512bw, avx512vl, sha, fma, vzeroupper, avx512_vpopcntdq, avx512_vpclmulqdq, avx512_vaes, avx512_vnni, clflush, clflushopt, clwb, avx512_vbmi2, avx512_vbmi, hv

Memory: 4k page, system-wide physical 7914M (468M free)
TotalPageFile size 17150M (AvailPageFile size 6M)
current process WorkingSet (physical memory assigned to process): 248M, peak: 254M
current process commit charge ("private bytes"): 284M, peak: 291M

vm_info: Java HotSpot(TM) 64-Bit Server VM (17.0.7+8-LTS-224) for windows-amd64 JRE (17.0.7+8-LTS-224), built on Feb 28 2023 23:03:02 by "mach5one" with MS VC++ 17.1 (VS2022)

END.
