#
# There is insufficient memory for the Java Runtime Environment to continue.
# Native memory allocation (malloc) failed to allocate 1303472 bytes for Chunk::new
# Possible reasons:
#   The system is out of physical RAM or swap space
#   The process is running with CompressedOops enabled, and the Java Heap may be blocking the growth of the native heap
# Possible solutions:
#   Reduce memory load on the system
#   Increase physical memory or swap space
#   Check if swap backing store is full
#   Decrease Java heap size (-Xmx/-Xms)
#   Decrease number of Java threads
#   Decrease Java thread stack sizes (-Xss)
#   Set larger code cache with -XX:ReservedCodeCacheSize=
#   JVM is running with Unscaled Compressed Oops mode in which the Java heap is
#     placed in the first 4GB address space. The Java Heap base address is the
#     maximum limit for the native heap growth. Please use -XX:HeapBaseMinAddress
#     to set the Java Heap base and to place the Java Heap above 4GB virtual address.
# This output file may be truncated or incomplete.
#
#  Out of Memory Error (arena.cpp:189), pid=10284, tid=1392
#
# JRE version: Java(TM) SE Runtime Environment (17.0.7+8) (build 17.0.7+8-LTS-224)
# Java VM: Java HotSpot(TM) 64-Bit Server VM (17.0.7+8-LTS-224, mixed mode, sharing, tiered, compressed oops, compressed class ptrs, g1 gc, windows-amd64)
# No core dump will be written. Minidumps are not enabled by default on client versions of Windows
#

---------------  S U M M A R Y ------------

Command Line: -Dmaven.multiModuleProjectDirectory=D:\DataService\persistence-library -Djansi.passthrough=true -Dmaven.home=D:\Program Files\IntelliJ IDEA\IntelliJ IDEA 2023.1.3\plugins\maven\lib\maven3 -Dclassworlds.conf=D:\Program Files\IntelliJ IDEA\IntelliJ IDEA 2023.1.3\plugins\maven\lib\maven3\bin\m2.conf -Dmaven.ext.class.path=D:\Program Files\IntelliJ IDEA\IntelliJ IDEA 2023.1.3\plugins\maven\lib\maven-event-listener.jar -javaagent:D:\Program Files\IntelliJ IDEA\IntelliJ IDEA 2023.1.3\lib\idea_rt.jar=53796:D:\Program Files\IntelliJ IDEA\IntelliJ IDEA 2023.1.3\bin -Dfile.encoding=UTF-8 org.codehaus.classworlds.Launcher -Didea.version=2023.1.4 package

Host: 11th Gen Intel(R) Core(TM) i7-1165G7 @ 2.80GHz, 8 cores, 7G,  Windows 11 , 64 bit Build 22621 (10.0.22621.2506)
Time: Thu Nov 30 02:07:56 2023 Sri Lanka Standard Time elapsed time: 6.440908 seconds (0d 0h 0m 6s)

---------------  T H R E A D  ---------------

Current thread (0x0000017c60c92570):  JavaThread "C2 CompilerThread0" daemon [_thread_in_native, id=1392, stack(0x0000004495100000,0x0000004495200000)]


Current CompileTask:
C2:   6440 6917   !   4       lombok.javac.JavacAST::drill (146 bytes)

Stack: [0x0000004495100000,0x0000004495200000]
Native frames: (J=compiled Java code, j=interpreted, Vv=VM code, C=native code)
V  [jvm.dll+0x676a4a]
V  [jvm.dll+0x7d74f4]
V  [jvm.dll+0x7d8c9e]
V  [jvm.dll+0x7d9303]
V  [jvm.dll+0x2452c5]
V  [jvm.dll+0xaaa2b]
V  [jvm.dll+0xaafcc]
V  [jvm.dll+0x36141e]
V  [jvm.dll+0x1bb1e5]
V  [jvm.dll+0x217c27]
V  [jvm.dll+0x216f01]
V  [jvm.dll+0x1a35e0]
V  [jvm.dll+0x226a6e]
V  [jvm.dll+0x224e15]
V  [jvm.dll+0x78d05c]
V  [jvm.dll+0x78759a]
V  [jvm.dll+0x675875]
C  [ucrtbase.dll+0x29363]
C  [KERNEL32.DLL+0x1257d]
C  [ntdll.dll+0x5aa58]


---------------  P R O C E S S  ---------------

Threads class SMR info:
_java_thread_list=0x0000017c61893dc0, length=13, elements={
0x0000017c40b5d650, 0x0000017c60a8c1a0, 0x0000017c60a8ca60, 0x0000017c60c8f0b0,
0x0000017c60a9dc20, 0x0000017c60a9e4e0, 0x0000017c60c91980, 0x0000017c60c92570,
0x0000017c60c94e80, 0x0000017c60c95780, 0x0000017c60a785f0, 0x0000017c618e9d90,
0x0000017c618ea260
}

Java Threads: ( => current thread )
  0x0000017c40b5d650 JavaThread "main" [_thread_in_Java, id=3784, stack(0x0000004494400000,0x0000004494500000)]
  0x0000017c60a8c1a0 JavaThread "Reference Handler" daemon [_thread_blocked, id=6844, stack(0x0000004494b00000,0x0000004494c00000)]
  0x0000017c60a8ca60 JavaThread "Finalizer" daemon [_thread_blocked, id=14496, stack(0x0000004494c00000,0x0000004494d00000)]
  0x0000017c60c8f0b0 JavaThread "Signal Dispatcher" daemon [_thread_blocked, id=16184, stack(0x0000004494d00000,0x0000004494e00000)]
  0x0000017c60a9dc20 JavaThread "Attach Listener" daemon [_thread_blocked, id=17232, stack(0x0000004494e00000,0x0000004494f00000)]
  0x0000017c60a9e4e0 JavaThread "Service Thread" daemon [_thread_blocked, id=13996, stack(0x0000004494f00000,0x0000004495000000)]
  0x0000017c60c91980 JavaThread "Monitor Deflation Thread" daemon [_thread_blocked, id=2608, stack(0x0000004495000000,0x0000004495100000)]
=>0x0000017c60c92570 JavaThread "C2 CompilerThread0" daemon [_thread_in_native, id=1392, stack(0x0000004495100000,0x0000004495200000)]
  0x0000017c60c94e80 JavaThread "C1 CompilerThread0" daemon [_thread_blocked, id=16908, stack(0x0000004495200000,0x0000004495300000)]
  0x0000017c60c95780 JavaThread "Sweeper thread" daemon [_thread_blocked, id=18772, stack(0x0000004495300000,0x0000004495400000)]
  0x0000017c60a785f0 JavaThread "Common-Cleaner" daemon [_thread_blocked, id=20116, stack(0x0000004495400000,0x0000004495500000)]
  0x0000017c618e9d90 JavaThread "Monitor Ctrl-Break" daemon [_thread_in_native, id=13504, stack(0x0000004495500000,0x0000004495600000)]
  0x0000017c618ea260 JavaThread "Notification Thread" daemon [_thread_blocked, id=21760, stack(0x0000004495600000,0x0000004495700000)]

Other Threads:
  0x0000017c60a89900 VMThread "VM Thread" [stack: 0x0000004494a00000,0x0000004494b00000] [id=7132]
  0x0000017c40bcd0c0 WatcherThread [stack: 0x0000004495700000,0x0000004495800000] [id=3268]
  0x0000017c40bb55a0 GCTaskThread "GC Thread#0" [stack: 0x0000004494500000,0x0000004494600000] [id=15676]
  0x0000017c624eca00 GCTaskThread "GC Thread#1" [stack: 0x0000004495800000,0x0000004495900000] [id=14776]
  0x0000017c625220c0 GCTaskThread "GC Thread#2" [stack: 0x0000004495900000,0x0000004495a00000] [id=2800]
  0x0000017c62522370 GCTaskThread "GC Thread#3" [stack: 0x0000004495a00000,0x0000004495b00000] [id=19224]
  0x0000017c62340180 GCTaskThread "GC Thread#4" [stack: 0x0000004495b00000,0x0000004495c00000] [id=11652]
  0x0000017c62340430 GCTaskThread "GC Thread#5" [stack: 0x0000004495c00000,0x0000004495d00000] [id=8556]
  0x0000017c624c52b0 GCTaskThread "GC Thread#6" [stack: 0x0000004495d00000,0x0000004495e00000] [id=19636]
  0x0000017c624c5970 GCTaskThread "GC Thread#7" [stack: 0x0000004495e00000,0x0000004495f00000] [id=4692]
  0x0000017c40bc5b70 ConcurrentGCThread "G1 Main Marker" [stack: 0x0000004494600000,0x0000004494700000] [id=23272]
  0x0000017c40bc6490 ConcurrentGCThread "G1 Conc#0" [stack: 0x0000004494700000,0x0000004494800000] [id=22144]
  0x0000017c638bbcf0 ConcurrentGCThread "G1 Conc#1" [stack: 0x0000004495f00000,0x0000004496000000] [id=19104]
  0x0000017c40c0ec10 ConcurrentGCThread "G1 Refine#0" [stack: 0x0000004494800000,0x0000004494900000] [id=500]
  0x0000017c64618740 ConcurrentGCThread "G1 Refine#1" [stack: 0x0000004496000000,0x0000004496100000] [id=21764]
  0x0000017c644fa040 ConcurrentGCThread "G1 Refine#2" [stack: 0x0000004496100000,0x0000004496200000] [id=8560]
  0x0000017c647470f0 ConcurrentGCThread "G1 Refine#3" [stack: 0x0000004496200000,0x0000004496300000] [id=13840]
  0x0000017c60a10950 ConcurrentGCThread "G1 Service" [stack: 0x0000004494900000,0x0000004494a00000] [id=2832]

Threads with active compile tasks:
C2 CompilerThread0     6464 6917   !   4       lombok.javac.JavacAST::drill (146 bytes)

VM state: not at safepoint (normal execution)

VM Mutex/Monitor currently owned by a thread: None

Heap address: 0x0000000084400000, size: 1980 MB, Compressed Oops mode: 32-bit

CDS archive(s) mapped at: [0x0000000800000000-0x0000000800bd0000-0x0000000800bd0000), size 12386304, SharedBaseAddress: 0x0000000800000000, ArchiveRelocationMode: 0.
Compressed class space mapped at: 0x0000000800c00000-0x0000000840c00000, reserved size: 1073741824
Narrow klass base: 0x0000000800000000, Narrow klass shift: 0, Narrow klass range: 0x100000000

GC Precious Log:
 CPUs: 8 total, 8 available
 Memory: 7914M
 Large Page Support: Disabled
 NUMA Support: Disabled
 Compressed Oops: Enabled (32-bit)
 Heap Region Size: 1M
 Heap Min Capacity: 8M
 Heap Initial Capacity: 124M
 Heap Max Capacity: 1980M
 Pre-touch: Disabled
 Parallel Workers: 8
 Concurrent Workers: 2
 Concurrent Refinement Workers: 8
 Periodic GC: Disabled

Heap:
 garbage-first heap   total 201728K, used 136745K [0x0000000084400000, 0x0000000100000000)
  region size 1024K, 95 young (97280K), 5 survivors (5120K)
 Metaspace       used 26975K, committed 27264K, reserved 1081344K
  class space    used 2962K, committed 3136K, reserved 1048576K

Heap Regions: E=young(eden), S=young(survivor), O=old, HS=humongous(starts), HC=humongous(continues), CS=collection set, F=free, OA=open archive, CA=closed archive, TAMS=top-at-mark-start (previous, next)
|   0|0x0000000084400000, 0x0000000084500000, 0x0000000084500000|100%| O|  |TAMS 0x0000000084500000, 0x0000000084400000| Untracked 
|   1|0x0000000084500000, 0x0000000084600000, 0x0000000084600000|100%| O|  |TAMS 0x0000000084600000, 0x0000000084500000| Untracked 
|   2|0x0000000084600000, 0x0000000084700000, 0x0000000084700000|100%| O|  |TAMS 0x0000000084700000, 0x0000000084600000| Untracked 
|   3|0x0000000084700000, 0x0000000084800000, 0x0000000084800000|100%| O|  |TAMS 0x00000000847e3600, 0x0000000084700000| Untracked 
|   4|0x0000000084800000, 0x0000000084900000, 0x0000000084900000|100%| O|  |TAMS 0x0000000084800000, 0x0000000084800000| Untracked 
|   5|0x0000000084900000, 0x0000000084a00000, 0x0000000084a00000|100%| O|  |TAMS 0x0000000084900000, 0x0000000084900000| Untracked 
|   6|0x0000000084a00000, 0x0000000084b00000, 0x0000000084b00000|100%|HS|  |TAMS 0x0000000084b00000, 0x0000000084a00000| Complete 
|   7|0x0000000084b00000, 0x0000000084c00000, 0x0000000084c00000|100%|HC|  |TAMS 0x0000000084c00000, 0x0000000084b00000| Complete 
|   8|0x0000000084c00000, 0x0000000084d00000, 0x0000000084d00000|100%| O|  |TAMS 0x0000000084c00000, 0x0000000084c00000| Untracked 
|   9|0x0000000084d00000, 0x0000000084e00000, 0x0000000084e00000|100%| O|  |TAMS 0x0000000084d00000, 0x0000000084d00000| Untracked 
|  10|0x0000000084e00000, 0x0000000084f00000, 0x0000000084f00000|100%| O|  |TAMS 0x0000000084e00000, 0x0000000084e00000| Untracked 
|  11|0x0000000084f00000, 0x0000000085000000, 0x0000000085000000|100%| O|  |TAMS 0x0000000084f00000, 0x0000000084f00000| Untracked 
|  12|0x0000000085000000, 0x0000000085100000, 0x0000000085100000|100%| O|  |TAMS 0x0000000085000000, 0x0000000085000000| Untracked 
|  13|0x0000000085100000, 0x0000000085200000, 0x0000000085200000|100%| O|  |TAMS 0x0000000085100000, 0x0000000085100000| Untracked 
|  14|0x0000000085200000, 0x0000000085300000, 0x0000000085300000|100%| O|  |TAMS 0x0000000085200000, 0x0000000085200000| Untracked 
|  15|0x0000000085300000, 0x0000000085400000, 0x0000000085400000|100%|HS|  |TAMS 0x0000000085300000, 0x0000000085300000| Complete 
|  16|0x0000000085400000, 0x0000000085500000, 0x0000000085500000|100%|HS|  |TAMS 0x0000000085400000, 0x0000000085400000| Complete 
|  17|0x0000000085500000, 0x0000000085600000, 0x0000000085600000|100%|HS|  |TAMS 0x0000000085500000, 0x0000000085500000| Complete 
|  18|0x0000000085600000, 0x0000000085700000, 0x0000000085700000|100%| O|  |TAMS 0x0000000085600000, 0x0000000085600000| Untracked 
|  19|0x0000000085700000, 0x0000000085800000, 0x0000000085800000|100%| O|  |TAMS 0x0000000085700000, 0x0000000085700000| Untracked 
|  20|0x0000000085800000, 0x0000000085900000, 0x0000000085900000|100%| O|  |TAMS 0x0000000085800000, 0x0000000085800000| Untracked 
|  21|0x0000000085900000, 0x0000000085a00000, 0x0000000085a00000|100%| O|  |TAMS 0x0000000085900000, 0x0000000085900000| Untracked 
|  22|0x0000000085a00000, 0x0000000085b00000, 0x0000000085b00000|100%| O|  |TAMS 0x0000000085a00000, 0x0000000085a00000| Untracked 
|  23|0x0000000085b00000, 0x0000000085c00000, 0x0000000085c00000|100%| O|  |TAMS 0x0000000085b00000, 0x0000000085b00000| Untracked 
|  24|0x0000000085c00000, 0x0000000085d00000, 0x0000000085d00000|100%| O|  |TAMS 0x0000000085c00000, 0x0000000085c00000| Untracked 
|  25|0x0000000085d00000, 0x0000000085e00000, 0x0000000085e00000|100%| O|  |TAMS 0x0000000085d00000, 0x0000000085d00000| Untracked 
|  26|0x0000000085e00000, 0x0000000085f00000, 0x0000000085f00000|100%| O|  |TAMS 0x0000000085e00000, 0x0000000085e00000| Untracked 
|  27|0x0000000085f00000, 0x0000000086000000, 0x0000000086000000|100%| O|  |TAMS 0x0000000085f00000, 0x0000000085f00000| Untracked 
|  28|0x0000000086000000, 0x0000000086100000, 0x0000000086100000|100%| O|  |TAMS 0x0000000086000000, 0x0000000086000000| Untracked 
|  29|0x0000000086100000, 0x0000000086200000, 0x0000000086200000|100%| O|  |TAMS 0x0000000086100000, 0x0000000086100000| Untracked 
|  30|0x0000000086200000, 0x0000000086300000, 0x0000000086300000|100%| O|  |TAMS 0x0000000086200000, 0x0000000086200000| Untracked 
|  31|0x0000000086300000, 0x000000008638a400, 0x0000000086400000| 54%| O|  |TAMS 0x0000000086300000, 0x0000000086300000| Untracked 
|  32|0x0000000086400000, 0x0000000086400000, 0x0000000086500000|  0%| F|  |TAMS 0x0000000086400000, 0x0000000086400000| Untracked 
|  33|0x0000000086500000, 0x0000000086500000, 0x0000000086600000|  0%| F|  |TAMS 0x0000000086500000, 0x0000000086500000| Untracked 
|  34|0x0000000086600000, 0x0000000086700000, 0x0000000086700000|100%| O|  |TAMS 0x0000000086600000, 0x0000000086600000| Untracked 
|  35|0x0000000086700000, 0x0000000086800000, 0x0000000086800000|100%| O|  |TAMS 0x0000000086700000, 0x0000000086700000| Untracked 
|  36|0x0000000086800000, 0x0000000086900000, 0x0000000086900000|100%| O|  |TAMS 0x0000000086800000, 0x0000000086800000| Untracked 
|  37|0x0000000086900000, 0x0000000086a00000, 0x0000000086a00000|100%| O|  |TAMS 0x0000000086900000, 0x0000000086900000| Untracked 
|  38|0x0000000086a00000, 0x0000000086b00000, 0x0000000086b00000|100%| O|  |TAMS 0x0000000086a00000, 0x0000000086a00000| Untracked 
|  39|0x0000000086b00000, 0x0000000086b00000, 0x0000000086c00000|  0%| F|  |TAMS 0x0000000086b00000, 0x0000000086b00000| Untracked 
|  40|0x0000000086c00000, 0x0000000086c00000, 0x0000000086d00000|  0%| F|  |TAMS 0x0000000086c00000, 0x0000000086c00000| Untracked 
|  41|0x0000000086d00000, 0x0000000086d00000, 0x0000000086e00000|  0%| F|  |TAMS 0x0000000086d00000, 0x0000000086d00000| Untracked 
|  42|0x0000000086e00000, 0x0000000086e00000, 0x0000000086f00000|  0%| F|  |TAMS 0x0000000086e00000, 0x0000000086e00000| Untracked 
|  43|0x0000000086f00000, 0x0000000086f00000, 0x0000000087000000|  0%| F|  |TAMS 0x0000000086f00000, 0x0000000086f00000| Untracked 
|  44|0x0000000087000000, 0x0000000087000000, 0x0000000087100000|  0%| F|  |TAMS 0x0000000087000000, 0x0000000087000000| Untracked 
|  45|0x0000000087100000, 0x0000000087100000, 0x0000000087200000|  0%| F|  |TAMS 0x0000000087100000, 0x0000000087100000| Untracked 
|  46|0x0000000087200000, 0x0000000087200000, 0x0000000087300000|  0%| F|  |TAMS 0x0000000087200000, 0x0000000087200000| Untracked 
|  47|0x0000000087300000, 0x0000000087300000, 0x0000000087400000|  0%| F|  |TAMS 0x0000000087300000, 0x0000000087300000| Untracked 
|  48|0x0000000087400000, 0x0000000087400000, 0x0000000087500000|  0%| F|  |TAMS 0x0000000087400000, 0x0000000087400000| Untracked 
|  49|0x0000000087500000, 0x0000000087500000, 0x0000000087600000|  0%| F|  |TAMS 0x0000000087500000, 0x0000000087500000| Untracked 
|  50|0x0000000087600000, 0x0000000087600000, 0x0000000087700000|  0%| F|  |TAMS 0x0000000087600000, 0x0000000087600000| Untracked 
|  51|0x0000000087700000, 0x0000000087700000, 0x0000000087800000|  0%| F|  |TAMS 0x0000000087700000, 0x0000000087700000| Untracked 
|  52|0x0000000087800000, 0x0000000087800000, 0x0000000087900000|  0%| F|  |TAMS 0x0000000087800000, 0x0000000087800000| Untracked 
|  53|0x0000000087900000, 0x0000000087900000, 0x0000000087a00000|  0%| F|  |TAMS 0x0000000087900000, 0x0000000087900000| Untracked 
|  54|0x0000000087a00000, 0x0000000087a00000, 0x0000000087b00000|  0%| F|  |TAMS 0x0000000087a00000, 0x0000000087a00000| Untracked 
|  55|0x0000000087b00000, 0x0000000087b00000, 0x0000000087c00000|  0%| F|  |TAMS 0x0000000087b00000, 0x0000000087b00000| Untracked 
|  56|0x0000000087c00000, 0x0000000087c00000, 0x0000000087d00000|  0%| F|  |TAMS 0x0000000087c00000, 0x0000000087c00000| Untracked 
|  57|0x0000000087d00000, 0x0000000087d00000, 0x0000000087e00000|  0%| F|  |TAMS 0x0000000087d00000, 0x0000000087d00000| Untracked 
|  58|0x0000000087e00000, 0x0000000087e00000, 0x0000000087f00000|  0%| F|  |TAMS 0x0000000087e00000, 0x0000000087e00000| Untracked 
|  59|0x0000000087f00000, 0x0000000087f00000, 0x0000000088000000|  0%| F|  |TAMS 0x0000000087f00000, 0x0000000087f00000| Untracked 
|  60|0x0000000088000000, 0x0000000088000000, 0x0000000088100000|  0%| F|  |TAMS 0x0000000088000000, 0x0000000088000000| Untracked 
|  61|0x0000000088100000, 0x0000000088100000, 0x0000000088200000|  0%| F|  |TAMS 0x0000000088100000, 0x0000000088100000| Untracked 
|  62|0x0000000088200000, 0x0000000088200000, 0x0000000088300000|  0%| F|  |TAMS 0x0000000088200000, 0x0000000088200000| Untracked 
|  63|0x0000000088300000, 0x0000000088300000, 0x0000000088400000|  0%| F|  |TAMS 0x0000000088300000, 0x0000000088300000| Untracked 
|  64|0x0000000088400000, 0x0000000088400000, 0x0000000088500000|  0%| F|  |TAMS 0x0000000088400000, 0x0000000088400000| Untracked 
|  65|0x0000000088500000, 0x0000000088500000, 0x0000000088600000|  0%| F|  |TAMS 0x0000000088500000, 0x0000000088500000| Untracked 
|  66|0x0000000088600000, 0x0000000088600000, 0x0000000088700000|  0%| F|  |TAMS 0x0000000088600000, 0x0000000088600000| Untracked 
|  67|0x0000000088700000, 0x0000000088700000, 0x0000000088800000|  0%| F|  |TAMS 0x0000000088700000, 0x0000000088700000| Untracked 
|  68|0x0000000088800000, 0x0000000088800000, 0x0000000088900000|  0%| F|  |TAMS 0x0000000088800000, 0x0000000088800000| Untracked 
|  69|0x0000000088900000, 0x0000000088900000, 0x0000000088a00000|  0%| F|  |TAMS 0x0000000088900000, 0x0000000088900000| Untracked 
|  70|0x0000000088a00000, 0x0000000088a00000, 0x0000000088b00000|  0%| F|  |TAMS 0x0000000088a00000, 0x0000000088a00000| Untracked 
|  71|0x0000000088b00000, 0x0000000088b00000, 0x0000000088c00000|  0%| F|  |TAMS 0x0000000088b00000, 0x0000000088b00000| Untracked 
|  72|0x0000000088c00000, 0x0000000088c00000, 0x0000000088d00000|  0%| F|  |TAMS 0x0000000088c00000, 0x0000000088c00000| Untracked 
|  73|0x0000000088d00000, 0x0000000088d00000, 0x0000000088e00000|  0%| F|  |TAMS 0x0000000088d00000, 0x0000000088d00000| Untracked 
|  74|0x0000000088e00000, 0x0000000088e00000, 0x0000000088f00000|  0%| F|  |TAMS 0x0000000088e00000, 0x0000000088e00000| Untracked 
|  75|0x0000000088f00000, 0x0000000088f00000, 0x0000000089000000|  0%| F|  |TAMS 0x0000000088f00000, 0x0000000088f00000| Untracked 
|  76|0x0000000089000000, 0x0000000089000000, 0x0000000089100000|  0%| F|  |TAMS 0x0000000089000000, 0x0000000089000000| Untracked 
|  77|0x0000000089100000, 0x0000000089100000, 0x0000000089200000|  0%| F|  |TAMS 0x0000000089100000, 0x0000000089100000| Untracked 
|  78|0x0000000089200000, 0x0000000089200000, 0x0000000089300000|  0%| F|  |TAMS 0x0000000089200000, 0x0000000089200000| Untracked 
|  79|0x0000000089300000, 0x0000000089300000, 0x0000000089400000|  0%| F|  |TAMS 0x0000000089300000, 0x0000000089300000| Untracked 
|  80|0x0000000089400000, 0x0000000089400000, 0x0000000089500000|  0%| F|  |TAMS 0x0000000089400000, 0x0000000089400000| Untracked 
|  81|0x0000000089500000, 0x0000000089500000, 0x0000000089600000|  0%| F|  |TAMS 0x0000000089500000, 0x0000000089500000| Untracked 
|  82|0x0000000089600000, 0x0000000089600000, 0x0000000089700000|  0%| F|  |TAMS 0x0000000089600000, 0x0000000089600000| Untracked 
|  83|0x0000000089700000, 0x0000000089700000, 0x0000000089800000|  0%| F|  |TAMS 0x0000000089700000, 0x0000000089700000| Untracked 
|  84|0x0000000089800000, 0x0000000089800000, 0x0000000089900000|  0%| F|  |TAMS 0x0000000089800000, 0x0000000089800000| Untracked 
|  85|0x0000000089900000, 0x0000000089900000, 0x0000000089a00000|  0%| F|  |TAMS 0x0000000089900000, 0x0000000089900000| Untracked 
|  86|0x0000000089a00000, 0x0000000089a00000, 0x0000000089b00000|  0%| F|  |TAMS 0x0000000089a00000, 0x0000000089a00000| Untracked 
|  87|0x0000000089b00000, 0x0000000089b00000, 0x0000000089c00000|  0%| F|  |TAMS 0x0000000089b00000, 0x0000000089b00000| Untracked 
|  88|0x0000000089c00000, 0x0000000089c00000, 0x0000000089d00000|  0%| F|  |TAMS 0x0000000089c00000, 0x0000000089c00000| Untracked 
|  89|0x0000000089d00000, 0x0000000089d00000, 0x0000000089e00000|  0%| F|  |TAMS 0x0000000089d00000, 0x0000000089d00000| Untracked 
|  90|0x0000000089e00000, 0x0000000089e00000, 0x0000000089f00000|  0%| F|  |TAMS 0x0000000089e00000, 0x0000000089e00000| Untracked 
|  91|0x0000000089f00000, 0x0000000089f00000, 0x000000008a000000|  0%| F|  |TAMS 0x0000000089f00000, 0x0000000089f00000| Untracked 
|  92|0x000000008a000000, 0x000000008a000000, 0x000000008a100000|  0%| F|  |TAMS 0x000000008a000000, 0x000000008a000000| Untracked 
|  93|0x000000008a100000, 0x000000008a100000, 0x000000008a200000|  0%| F|  |TAMS 0x000000008a100000, 0x000000008a100000| Untracked 
|  94|0x000000008a200000, 0x000000008a200000, 0x000000008a300000|  0%| F|  |TAMS 0x000000008a200000, 0x000000008a200000| Untracked 
|  95|0x000000008a300000, 0x000000008a300000, 0x000000008a400000|  0%| F|  |TAMS 0x000000008a300000, 0x000000008a300000| Untracked 
|  96|0x000000008a400000, 0x000000008a500000, 0x000000008a500000|100%| S|CS|TAMS 0x000000008a400000, 0x000000008a400000| Complete 
|  97|0x000000008a500000, 0x000000008a600000, 0x000000008a600000|100%| S|CS|TAMS 0x000000008a500000, 0x000000008a500000| Complete 
|  98|0x000000008a600000, 0x000000008a700000, 0x000000008a700000|100%| S|CS|TAMS 0x000000008a600000, 0x000000008a600000| Complete 
|  99|0x000000008a700000, 0x000000008a800000, 0x000000008a800000|100%| S|CS|TAMS 0x000000008a700000, 0x000000008a700000| Complete 
| 100|0x000000008a800000, 0x000000008a900000, 0x000000008a900000|100%| S|CS|TAMS 0x000000008a800000, 0x000000008a800000| Complete 
| 101|0x000000008a900000, 0x000000008a900000, 0x000000008aa00000|  0%| F|  |TAMS 0x000000008a900000, 0x000000008a900000| Untracked 
| 102|0x000000008aa00000, 0x000000008aa00000, 0x000000008ab00000|  0%| F|  |TAMS 0x000000008aa00000, 0x000000008aa00000| Untracked 
| 103|0x000000008ab00000, 0x000000008ab00000, 0x000000008ac00000|  0%| F|  |TAMS 0x000000008ab00000, 0x000000008ab00000| Untracked 
| 104|0x000000008ac00000, 0x000000008ad00000, 0x000000008ad00000|100%| E|  |TAMS 0x000000008ac00000, 0x000000008ac00000| Complete 
| 105|0x000000008ad00000, 0x000000008ae00000, 0x000000008ae00000|100%| E|CS|TAMS 0x000000008ad00000, 0x000000008ad00000| Complete 
| 106|0x000000008ae00000, 0x000000008af00000, 0x000000008af00000|100%| E|CS|TAMS 0x000000008ae00000, 0x000000008ae00000| Complete 
| 107|0x000000008af00000, 0x000000008b000000, 0x000000008b000000|100%| E|CS|TAMS 0x000000008af00000, 0x000000008af00000| Complete 
| 108|0x000000008b000000, 0x000000008b100000, 0x000000008b100000|100%| E|CS|TAMS 0x000000008b000000, 0x000000008b000000| Complete 
| 109|0x000000008b100000, 0x000000008b200000, 0x000000008b200000|100%| E|CS|TAMS 0x000000008b100000, 0x000000008b100000| Complete 
| 110|0x000000008b200000, 0x000000008b300000, 0x000000008b300000|100%| E|CS|TAMS 0x000000008b200000, 0x000000008b200000| Complete 
| 111|0x000000008b300000, 0x000000008b400000, 0x000000008b400000|100%| E|CS|TAMS 0x000000008b300000, 0x000000008b300000| Complete 
| 112|0x000000008b400000, 0x000000008b500000, 0x000000008b500000|100%| E|CS|TAMS 0x000000008b400000, 0x000000008b400000| Complete 
| 113|0x000000008b500000, 0x000000008b600000, 0x000000008b600000|100%| E|CS|TAMS 0x000000008b500000, 0x000000008b500000| Complete 
| 114|0x000000008b600000, 0x000000008b700000, 0x000000008b700000|100%| E|CS|TAMS 0x000000008b600000, 0x000000008b600000| Complete 
| 115|0x000000008b700000, 0x000000008b800000, 0x000000008b800000|100%| E|CS|TAMS 0x000000008b700000, 0x000000008b700000| Complete 
| 116|0x000000008b800000, 0x000000008b900000, 0x000000008b900000|100%| E|CS|TAMS 0x000000008b800000, 0x000000008b800000| Complete 
| 117|0x000000008b900000, 0x000000008ba00000, 0x000000008ba00000|100%| E|CS|TAMS 0x000000008b900000, 0x000000008b900000| Complete 
| 118|0x000000008ba00000, 0x000000008bb00000, 0x000000008bb00000|100%| E|CS|TAMS 0x000000008ba00000, 0x000000008ba00000| Complete 
| 119|0x000000008bb00000, 0x000000008bc00000, 0x000000008bc00000|100%| E|CS|TAMS 0x000000008bb00000, 0x000000008bb00000| Complete 
| 120|0x000000008bc00000, 0x000000008bd00000, 0x000000008bd00000|100%| E|CS|TAMS 0x000000008bc00000, 0x000000008bc00000| Complete 
| 121|0x000000008bd00000, 0x000000008be00000, 0x000000008be00000|100%| E|CS|TAMS 0x000000008bd00000, 0x000000008bd00000| Complete 
| 122|0x000000008be00000, 0x000000008bf00000, 0x000000008bf00000|100%| E|CS|TAMS 0x000000008be00000, 0x000000008be00000| Complete 
| 123|0x000000008bf00000, 0x000000008c000000, 0x000000008c000000|100%| E|CS|TAMS 0x000000008bf00000, 0x000000008bf00000| Complete 
| 124|0x000000008c000000, 0x000000008c100000, 0x000000008c100000|100%| E|CS|TAMS 0x000000008c000000, 0x000000008c000000| Complete 
| 125|0x000000008c100000, 0x000000008c200000, 0x000000008c200000|100%| E|CS|TAMS 0x000000008c100000, 0x000000008c100000| Complete 
| 126|0x000000008c200000, 0x000000008c300000, 0x000000008c300000|100%| E|CS|TAMS 0x000000008c200000, 0x000000008c200000| Complete 
| 127|0x000000008c300000, 0x000000008c400000, 0x000000008c400000|100%| E|CS|TAMS 0x000000008c300000, 0x000000008c300000| Complete 
| 128|0x000000008c400000, 0x000000008c500000, 0x000000008c500000|100%| E|CS|TAMS 0x000000008c400000, 0x000000008c400000| Complete 
| 129|0x000000008c500000, 0x000000008c600000, 0x000000008c600000|100%| E|CS|TAMS 0x000000008c500000, 0x000000008c500000| Complete 
| 130|0x000000008c600000, 0x000000008c700000, 0x000000008c700000|100%| E|CS|TAMS 0x000000008c600000, 0x000000008c600000| Complete 
| 131|0x000000008c700000, 0x000000008c800000, 0x000000008c800000|100%| E|CS|TAMS 0x000000008c700000, 0x000000008c700000| Complete 
| 132|0x000000008c800000, 0x000000008c900000, 0x000000008c900000|100%| E|CS|TAMS 0x000000008c800000, 0x000000008c800000| Complete 
| 133|0x000000008c900000, 0x000000008ca00000, 0x000000008ca00000|100%| E|CS|TAMS 0x000000008c900000, 0x000000008c900000| Complete 
| 134|0x000000008ca00000, 0x000000008cb00000, 0x000000008cb00000|100%| E|CS|TAMS 0x000000008ca00000, 0x000000008ca00000| Complete 
| 135|0x000000008cb00000, 0x000000008cc00000, 0x000000008cc00000|100%| E|CS|TAMS 0x000000008cb00000, 0x000000008cb00000| Complete 
| 136|0x000000008cc00000, 0x000000008cd00000, 0x000000008cd00000|100%| E|CS|TAMS 0x000000008cc00000, 0x000000008cc00000| Complete 
| 137|0x000000008cd00000, 0x000000008ce00000, 0x000000008ce00000|100%| E|CS|TAMS 0x000000008cd00000, 0x000000008cd00000| Complete 
| 138|0x000000008ce00000, 0x000000008cf00000, 0x000000008cf00000|100%| E|CS|TAMS 0x000000008ce00000, 0x000000008ce00000| Complete 
| 139|0x000000008cf00000, 0x000000008d000000, 0x000000008d000000|100%| E|CS|TAMS 0x000000008cf00000, 0x000000008cf00000| Complete 
| 140|0x000000008d000000, 0x000000008d100000, 0x000000008d100000|100%| E|CS|TAMS 0x000000008d000000, 0x000000008d000000| Complete 
| 141|0x000000008d100000, 0x000000008d200000, 0x000000008d200000|100%| E|CS|TAMS 0x000000008d100000, 0x000000008d100000| Complete 
| 142|0x000000008d200000, 0x000000008d300000, 0x000000008d300000|100%| E|CS|TAMS 0x000000008d200000, 0x000000008d200000| Complete 
| 143|0x000000008d300000, 0x000000008d400000, 0x000000008d400000|100%| E|CS|TAMS 0x000000008d300000, 0x000000008d300000| Complete 
| 144|0x000000008d400000, 0x000000008d500000, 0x000000008d500000|100%| E|CS|TAMS 0x000000008d400000, 0x000000008d400000| Complete 
| 145|0x000000008d500000, 0x000000008d600000, 0x000000008d600000|100%| E|CS|TAMS 0x000000008d500000, 0x000000008d500000| Complete 
| 146|0x000000008d600000, 0x000000008d700000, 0x000000008d700000|100%| E|CS|TAMS 0x000000008d600000, 0x000000008d600000| Complete 
| 147|0x000000008d700000, 0x000000008d800000, 0x000000008d800000|100%| E|CS|TAMS 0x000000008d700000, 0x000000008d700000| Complete 
| 148|0x000000008d800000, 0x000000008d900000, 0x000000008d900000|100%| E|CS|TAMS 0x000000008d800000, 0x000000008d800000| Complete 
| 149|0x000000008d900000, 0x000000008da00000, 0x000000008da00000|100%| E|CS|TAMS 0x000000008d900000, 0x000000008d900000| Complete 
| 150|0x000000008da00000, 0x000000008db00000, 0x000000008db00000|100%| E|CS|TAMS 0x000000008da00000, 0x000000008da00000| Complete 
| 151|0x000000008db00000, 0x000000008dc00000, 0x000000008dc00000|100%| E|CS|TAMS 0x000000008db00000, 0x000000008db00000| Complete 
| 152|0x000000008dc00000, 0x000000008dd00000, 0x000000008dd00000|100%| E|CS|TAMS 0x000000008dc00000, 0x000000008dc00000| Complete 
| 153|0x000000008dd00000, 0x000000008de00000, 0x000000008de00000|100%| E|CS|TAMS 0x000000008dd00000, 0x000000008dd00000| Complete 
| 154|0x000000008de00000, 0x000000008df00000, 0x000000008df00000|100%| E|CS|TAMS 0x000000008de00000, 0x000000008de00000| Complete 
| 155|0x000000008df00000, 0x000000008e000000, 0x000000008e000000|100%| E|CS|TAMS 0x000000008df00000, 0x000000008df00000| Complete 
| 156|0x000000008e000000, 0x000000008e100000, 0x000000008e100000|100%| E|CS|TAMS 0x000000008e000000, 0x000000008e000000| Complete 
| 157|0x000000008e100000, 0x000000008e200000, 0x000000008e200000|100%| E|CS|TAMS 0x000000008e100000, 0x000000008e100000| Complete 
| 158|0x000000008e200000, 0x000000008e300000, 0x000000008e300000|100%| E|CS|TAMS 0x000000008e200000, 0x000000008e200000| Complete 
| 159|0x000000008e300000, 0x000000008e400000, 0x000000008e400000|100%| E|CS|TAMS 0x000000008e300000, 0x000000008e300000| Complete 
| 160|0x000000008e400000, 0x000000008e500000, 0x000000008e500000|100%| E|CS|TAMS 0x000000008e400000, 0x000000008e400000| Complete 
| 161|0x000000008e500000, 0x000000008e600000, 0x000000008e600000|100%| E|CS|TAMS 0x000000008e500000, 0x000000008e500000| Complete 
| 162|0x000000008e600000, 0x000000008e700000, 0x000000008e700000|100%| E|CS|TAMS 0x000000008e600000, 0x000000008e600000| Complete 
| 163|0x000000008e700000, 0x000000008e800000, 0x000000008e800000|100%| E|CS|TAMS 0x000000008e700000, 0x000000008e700000| Complete 
| 164|0x000000008e800000, 0x000000008e900000, 0x000000008e900000|100%| E|CS|TAMS 0x000000008e800000, 0x000000008e800000| Complete 
| 165|0x000000008e900000, 0x000000008ea00000, 0x000000008ea00000|100%| E|CS|TAMS 0x000000008e900000, 0x000000008e900000| Complete 
| 166|0x000000008ea00000, 0x000000008eb00000, 0x000000008eb00000|100%| E|CS|TAMS 0x000000008ea00000, 0x000000008ea00000| Complete 
| 167|0x000000008eb00000, 0x000000008ec00000, 0x000000008ec00000|100%| E|CS|TAMS 0x000000008eb00000, 0x000000008eb00000| Complete 
| 168|0x000000008ec00000, 0x000000008ed00000, 0x000000008ed00000|100%| E|CS|TAMS 0x000000008ec00000, 0x000000008ec00000| Complete 
| 169|0x000000008ed00000, 0x000000008ee00000, 0x000000008ee00000|100%| E|CS|TAMS 0x000000008ed00000, 0x000000008ed00000| Complete 
| 170|0x000000008ee00000, 0x000000008ef00000, 0x000000008ef00000|100%| E|CS|TAMS 0x000000008ee00000, 0x000000008ee00000| Complete 
| 171|0x000000008ef00000, 0x000000008f000000, 0x000000008f000000|100%| E|CS|TAMS 0x000000008ef00000, 0x000000008ef00000| Complete 
| 172|0x000000008f000000, 0x000000008f100000, 0x000000008f100000|100%| E|CS|TAMS 0x000000008f000000, 0x000000008f000000| Complete 
| 173|0x000000008f100000, 0x000000008f200000, 0x000000008f200000|100%| E|CS|TAMS 0x000000008f100000, 0x000000008f100000| Complete 
| 174|0x000000008f200000, 0x000000008f300000, 0x000000008f300000|100%| E|CS|TAMS 0x000000008f200000, 0x000000008f200000| Complete 
| 175|0x000000008f300000, 0x000000008f400000, 0x000000008f400000|100%| E|CS|TAMS 0x000000008f300000, 0x000000008f300000| Complete 
| 176|0x000000008f400000, 0x000000008f500000, 0x000000008f500000|100%| E|CS|TAMS 0x000000008f400000, 0x000000008f400000| Complete 
| 177|0x000000008f500000, 0x000000008f600000, 0x000000008f600000|100%| E|CS|TAMS 0x000000008f500000, 0x000000008f500000| Complete 
| 178|0x000000008f600000, 0x000000008f700000, 0x000000008f700000|100%| E|CS|TAMS 0x000000008f600000, 0x000000008f600000| Complete 
| 179|0x000000008f700000, 0x000000008f800000, 0x000000008f800000|100%| E|CS|TAMS 0x000000008f700000, 0x000000008f700000| Complete 
| 180|0x000000008f800000, 0x000000008f900000, 0x000000008f900000|100%| E|CS|TAMS 0x000000008f800000, 0x000000008f800000| Complete 
| 181|0x000000008f900000, 0x000000008fa00000, 0x000000008fa00000|100%| E|CS|TAMS 0x000000008f900000, 0x000000008f900000| Complete 
| 182|0x000000008fa00000, 0x000000008fb00000, 0x000000008fb00000|100%| E|CS|TAMS 0x000000008fa00000, 0x000000008fa00000| Complete 
| 183|0x000000008fb00000, 0x000000008fc00000, 0x000000008fc00000|100%| E|CS|TAMS 0x000000008fb00000, 0x000000008fb00000| Complete 
| 184|0x000000008fc00000, 0x000000008fd00000, 0x000000008fd00000|100%| E|CS|TAMS 0x000000008fc00000, 0x000000008fc00000| Complete 
| 185|0x000000008fd00000, 0x000000008fe00000, 0x000000008fe00000|100%| E|CS|TAMS 0x000000008fd00000, 0x000000008fd00000| Complete 
| 186|0x000000008fe00000, 0x000000008ff00000, 0x000000008ff00000|100%| E|CS|TAMS 0x000000008fe00000, 0x000000008fe00000| Complete 
| 187|0x000000008ff00000, 0x0000000090000000, 0x0000000090000000|100%| E|CS|TAMS 0x000000008ff00000, 0x000000008ff00000| Complete 
| 188|0x0000000090000000, 0x0000000090100000, 0x0000000090100000|100%| E|CS|TAMS 0x0000000090000000, 0x0000000090000000| Complete 
| 189|0x0000000090100000, 0x0000000090200000, 0x0000000090200000|100%| E|CS|TAMS 0x0000000090100000, 0x0000000090100000| Complete 
| 190|0x0000000090200000, 0x0000000090300000, 0x0000000090300000|100%| E|CS|TAMS 0x0000000090200000, 0x0000000090200000| Complete 
| 191|0x0000000090300000, 0x0000000090400000, 0x0000000090400000|100%| E|CS|TAMS 0x0000000090300000, 0x0000000090300000| Complete 
| 192|0x0000000090400000, 0x0000000090500000, 0x0000000090500000|100%| E|CS|TAMS 0x0000000090400000, 0x0000000090400000| Complete 
| 193|0x0000000090500000, 0x0000000090600000, 0x0000000090600000|100%| E|CS|TAMS 0x0000000090500000, 0x0000000090500000| Complete 
|1977|0x00000000ffd00000, 0x00000000ffe00000, 0x00000000ffe00000|100%| O|  |TAMS 0x00000000ffd00000, 0x00000000ffd00000| Untracked 
|1978|0x00000000ffe00000, 0x00000000fff00000, 0x00000000fff00000|100%| O|  |TAMS 0x00000000ffe00000, 0x00000000ffe00000| Untracked 
|1979|0x00000000fff00000, 0x0000000100000000, 0x0000000100000000|100%| O|  |TAMS 0x00000000fff00000, 0x00000000fff00000| Untracked 

Card table byte_map: [0x0000017c59c90000,0x0000017c5a070000] _byte_map_base: 0x0000017c5986e000

Marking Bits (Prev, Next): (CMBitMap*) 0x0000017c40bb5b00, (CMBitMap*) 0x0000017c40bb5ac0
 Prev Bits: [0x0000017c5c340000, 0x0000017c5e230000)
 Next Bits: [0x0000017c5a450000, 0x0000017c5c340000)

Polling page: 0x0000017c40ca0000

Metaspace:

Usage:
  Non-class:     23.45 MB used.
      Class:      2.89 MB used.
       Both:     26.34 MB used.

Virtual space:
  Non-class space:       32.00 MB reserved,      23.56 MB ( 74%) committed,  4 nodes.
      Class space:        1.00 GB reserved,       3.06 MB ( <1%) committed,  1 nodes.
             Both:        1.03 GB reserved,      26.62 MB (  3%) committed. 

Chunk freelists:
   Non-Class:  3.89 MB
       Class:  978.00 KB
        Both:  4.85 MB

MaxMetaspaceSize: unlimited
CompressedClassSpaceSize: 1.00 GB
Initial GC threshold: 21.00 MB
Current GC threshold: 35.44 MB
CDS: on
MetaspaceReclaimPolicy: balanced
 - commit_granule_bytes: 65536.
 - commit_granule_words: 8192.
 - virtual_space_node_default_size: 1048576.
 - enlarge_chunks_in_place: 1.
 - new_chunks_are_fully_committed: 0.
 - uncommit_free_chunks: 1.
 - use_allocation_guard: 0.
 - handle_deallocations: 1.


Internal statistics:

num_allocs_failed_limit: 3.
num_arena_births: 240.
num_arena_deaths: 0.
num_vsnodes_births: 5.
num_vsnodes_deaths: 0.
num_space_committed: 426.
num_space_uncommitted: 0.
num_chunks_returned_to_freelist: 3.
num_chunks_taken_from_freelist: 1227.
num_chunk_merges: 3.
num_chunk_splits: 836.
num_chunks_enlarged: 614.
num_purges: 0.
num_inconsistent_stats: 0.

CodeHeap 'non-profiled nmethods': size=120000Kb used=2515Kb max_used=2640Kb free=117484Kb
 bounds [0x0000017c51900000, 0x0000017c51bb0000, 0x0000017c58e30000]
CodeHeap 'profiled nmethods': size=120000Kb used=12865Kb max_used=13861Kb free=107134Kb
 bounds [0x0000017c49e30000, 0x0000017c4abc0000, 0x0000017c51360000]
CodeHeap 'non-nmethods': size=5760Kb used=1222Kb max_used=1263Kb free=4538Kb
 bounds [0x0000017c51360000, 0x0000017c515d0000, 0x0000017c51900000]
 total_blobs=6479 nmethods=5966 adapters=425
 compilation: enabled
              stopped_count=0, restarted_count=0
 full_count=0

Compilation events (20 events):
Event: 6.429 Thread 0x0000017c60c94e80 nmethod 7245 0x0000017c4a029c90 code [0x0000017c4a02a5e0, 0x0000017c4a031668]
Event: 6.429 Thread 0x0000017c60c94e80 7248       3       com.sun.tools.javac.tree.TreeScanner::visitTypeApply (17 bytes)
Event: 6.429 Thread 0x0000017c60c94e80 nmethod 7248 0x0000017c4a66da90 code [0x0000017c4a66dc80, 0x0000017c4a66e358]
Event: 6.429 Thread 0x0000017c60c94e80 7246       2       com.sun.tools.javac.comp.Attr$TypeAnnotationsValidator::visitMethodDef (151 bytes)
Event: 6.430 Thread 0x0000017c60c94e80 nmethod 7246 0x0000017c4a721310 code [0x0000017c4a721560, 0x0000017c4a721be8]
Event: 6.430 Thread 0x0000017c60c94e80 7251       2       com.sun.tools.javac.tree.TreeInfo$DeclScanner::visitClassDef (25 bytes)
Event: 6.430 Thread 0x0000017c60c94e80 nmethod 7251 0x0000017c4a029790 code [0x0000017c4a029940, 0x0000017c4a029ae8]
Event: 6.430 Thread 0x0000017c60c94e80 7247       2       com.sun.tools.javac.tree.TreeScanner::visitClassDef (49 bytes)
Event: 6.430 Thread 0x0000017c60c94e80 nmethod 7247 0x0000017c4a75d190 code [0x0000017c4a75d3a0, 0x0000017c4a75d958]
Event: 6.430 Thread 0x0000017c60c94e80 7252       2       com.sun.tools.javac.util.List::get (93 bytes)
Event: 6.430 Thread 0x0000017c60c94e80 nmethod 7252 0x0000017c4a81cc10 code [0x0000017c4a81ce60, 0x0000017c4a81d438]
Event: 6.430 Thread 0x0000017c60c94e80 7249       2       com.sun.tools.javac.tree.JCTree$JCNewArray::accept (6 bytes)
Event: 6.431 Thread 0x0000017c60c94e80 nmethod 7249 0x0000017c4a81c790 code [0x0000017c4a81c920, 0x0000017c4a81ca48]
Event: 6.431 Thread 0x0000017c60c94e80 7250       2       com.sun.tools.javac.tree.TreeScanner::visitNewArray (68 bytes)
Event: 6.431 Thread 0x0000017c60c94e80 nmethod 7250 0x0000017c49e32710 code [0x0000017c49e32940, 0x0000017c49e33108]
Event: 6.434 Thread 0x0000017c60c94e80 7253       3       com.sun.tools.javac.comp.Attr$TypeAnnotationsValidator::visitAnnotation (18 bytes)
Event: 6.434 Thread 0x0000017c60c94e80 nmethod 7253 0x0000017c49ea7690 code [0x0000017c49ea7860, 0x0000017c49ea7ce8]
Event: 6.434 Thread 0x0000017c60c94e80 7254       3       com.sun.tools.javac.comp.Check::validateTypeAnnotation (64 bytes)
Event: 6.435 Thread 0x0000017c60c94e80 nmethod 7254 0x0000017c4aa6eb10 code [0x0000017c4aa6ed80, 0x0000017c4aa6f8d8]
Event: 6.438 Thread 0x0000017c60c94e80 7255       2       lombok.javac.JavacNode::traverse (774 bytes)

GC Heap History (18 events):
Event: 1.068 GC heap before
{Heap before GC invocations=0 (full 0):
 garbage-first heap   total 126976K, used 22528K [0x0000000084400000, 0x0000000100000000)
  region size 1024K, 23 young (23552K), 0 survivors (0K)
 Metaspace       used 5784K, committed 6016K, reserved 1056768K
  class space    used 662K, committed 768K, reserved 1048576K
}
Event: 1.073 GC heap after
{Heap after GC invocations=1 (full 0):
 garbage-first heap   total 126976K, used 4160K [0x0000000084400000, 0x0000000100000000)
  region size 1024K, 3 young (3072K), 3 survivors (3072K)
 Metaspace       used 5784K, committed 6016K, reserved 1056768K
  class space    used 662K, committed 768K, reserved 1048576K
}
Event: 1.442 GC heap before
{Heap before GC invocations=1 (full 0):
 garbage-first heap   total 126976K, used 33856K [0x0000000084400000, 0x0000000100000000)
  region size 1024K, 32 young (32768K), 3 survivors (3072K)
 Metaspace       used 10368K, committed 10560K, reserved 1064960K
  class space    used 1255K, committed 1344K, reserved 1048576K
}
Event: 1.450 GC heap after
{Heap after GC invocations=2 (full 0):
 garbage-first heap   total 126976K, used 6028K [0x0000000084400000, 0x0000000100000000)
  region size 1024K, 2 young (2048K), 2 survivors (2048K)
 Metaspace       used 10368K, committed 10560K, reserved 1064960K
  class space    used 1255K, committed 1344K, reserved 1048576K
}
Event: 3.590 GC heap before
{Heap before GC invocations=2 (full 0):
 garbage-first heap   total 126976K, used 79756K [0x0000000084400000, 0x0000000100000000)
  region size 1024K, 74 young (75776K), 2 survivors (2048K)
 Metaspace       used 13492K, committed 13696K, reserved 1064960K
  class space    used 1520K, committed 1664K, reserved 1048576K
}
Event: 3.603 GC heap after
{Heap after GC invocations=3 (full 0):
 garbage-first heap   total 126976K, used 12969K [0x0000000084400000, 0x0000000100000000)
  region size 1024K, 9 young (9216K), 9 survivors (9216K)
 Metaspace       used 13492K, committed 13696K, reserved 1064960K
  class space    used 1520K, committed 1664K, reserved 1048576K
}
Event: 4.606 GC heap before
{Heap before GC invocations=3 (full 0):
 garbage-first heap   total 126976K, used 63145K [0x0000000084400000, 0x0000000100000000)
  region size 1024K, 55 young (56320K), 9 survivors (9216K)
 Metaspace       used 21312K, committed 21504K, reserved 1073152K
  class space    used 2451K, committed 2560K, reserved 1048576K
}
Event: 4.626 GC heap after
{Heap after GC invocations=4 (full 0):
 garbage-first heap   total 126976K, used 22811K [0x0000000084400000, 0x0000000100000000)
  region size 1024K, 7 young (7168K), 7 survivors (7168K)
 Metaspace       used 21312K, committed 21504K, reserved 1073152K
  class space    used 2451K, committed 2560K, reserved 1048576K
}
Event: 5.042 GC heap before
{Heap before GC invocations=5 (full 0):
 garbage-first heap   total 81920K, used 63771K [0x0000000084400000, 0x0000000100000000)
  region size 1024K, 46 young (47104K), 7 survivors (7168K)
 Metaspace       used 23515K, committed 23744K, reserved 1073152K
  class space    used 2654K, committed 2752K, reserved 1048576K
}
Event: 5.062 GC heap after
{Heap after GC invocations=6 (full 0):
 garbage-first heap   total 84992K, used 35611K [0x0000000084400000, 0x0000000100000000)
  region size 1024K, 6 young (6144K), 6 survivors (6144K)
 Metaspace       used 23515K, committed 23744K, reserved 1073152K
  class space    used 2654K, committed 2752K, reserved 1048576K
}
Event: 5.065 GC heap before
{Heap before GC invocations=6 (full 0):
 garbage-first heap   total 84992K, used 36635K [0x0000000084400000, 0x0000000100000000)
  region size 1024K, 7 young (7168K), 6 survivors (6144K)
 Metaspace       used 23516K, committed 23744K, reserved 1073152K
  class space    used 2654K, committed 2752K, reserved 1048576K
}
Event: 5.072 GC heap after
{Heap after GC invocations=7 (full 0):
 garbage-first heap   total 84992K, used 36864K [0x0000000084400000, 0x0000000100000000)
  region size 1024K, 1 young (1024K), 1 survivors (1024K)
 Metaspace       used 23516K, committed 23744K, reserved 1073152K
  class space    used 2654K, committed 2752K, reserved 1048576K
}
Event: 5.316 GC heap before
{Heap before GC invocations=7 (full 0):
 garbage-first heap   total 84992K, used 61440K [0x0000000084400000, 0x0000000100000000)
  region size 1024K, 25 young (25600K), 1 survivors (1024K)
 Metaspace       used 24293K, committed 24512K, reserved 1073152K
  class space    used 2699K, committed 2816K, reserved 1048576K
}
Event: 5.323 GC heap after
{Heap after GC invocations=8 (full 0):
 garbage-first heap   total 84992K, used 40402K [0x0000000084400000, 0x0000000100000000)
  region size 1024K, 4 young (4096K), 4 survivors (4096K)
 Metaspace       used 24293K, committed 24512K, reserved 1073152K
  class space    used 2699K, committed 2816K, reserved 1048576K
}
Event: 5.568 GC heap before
{Heap before GC invocations=8 (full 0):
 garbage-first heap   total 84992K, used 60882K [0x0000000084400000, 0x0000000100000000)
  region size 1024K, 25 young (25600K), 4 survivors (4096K)
 Metaspace       used 25616K, committed 25856K, reserved 1073152K
  class space    used 2851K, committed 3008K, reserved 1048576K
}
Event: 5.574 GC heap after
{Heap after GC invocations=9 (full 0):
 garbage-first heap   total 201728K, used 41343K [0x0000000084400000, 0x0000000100000000)
  region size 1024K, 1 young (1024K), 1 survivors (1024K)
 Metaspace       used 25616K, committed 25856K, reserved 1073152K
  class space    used 2851K, committed 3008K, reserved 1048576K
}
Event: 6.085 GC heap before
{Heap before GC invocations=9 (full 0):
 garbage-first heap   total 201728K, used 136575K [0x0000000084400000, 0x0000000100000000)
  region size 1024K, 94 young (96256K), 1 survivors (1024K)
 Metaspace       used 26846K, committed 27136K, reserved 1073152K
  class space    used 2960K, committed 3136K, reserved 1048576K
}
Event: 6.093 GC heap after
{Heap after GC invocations=10 (full 0):
 garbage-first heap   total 201728K, used 45609K [0x0000000084400000, 0x0000000100000000)
  region size 1024K, 5 young (5120K), 5 survivors (5120K)
 Metaspace       used 26846K, committed 27136K, reserved 1073152K
  class space    used 2960K, committed 3136K, reserved 1048576K
}

Deoptimization events (20 events):
Event: 6.210 Thread 0x0000017c40b5d650 DEOPT PACKING pc=0x0000017c51b4972c sp=0x00000044944fbd20
Event: 6.210 Thread 0x0000017c40b5d650 DEOPT UNPACKING pc=0x0000017c513b5ba3 sp=0x00000044944fbcb0 mode 2
Event: 6.299 Thread 0x0000017c40b5d650 DEOPT PACKING pc=0x0000017c4aa64dd9 sp=0x00000044944fcff0
Event: 6.299 Thread 0x0000017c40b5d650 DEOPT UNPACKING pc=0x0000017c513b66e3 sp=0x00000044944fc4e8 mode 0
Event: 6.438 Thread 0x0000017c40b5d650 Uncommon trap: trap_request=0xffffffc6 fr.pc=0x0000017c51b88d00 relative=0x0000000000000b20
Event: 6.438 Thread 0x0000017c40b5d650 Uncommon trap: reason=bimorphic_or_optimized_type_check action=maybe_recompile pc=0x0000017c51b88d00 method=lombok.javac.JavacNode.traverse(Llombok/javac/JavacASTVisitor;)V @ 73 c2
Event: 6.438 Thread 0x0000017c40b5d650 DEOPT PACKING pc=0x0000017c51b88d00 sp=0x00000044944fd4d0
Event: 6.438 Thread 0x0000017c40b5d650 DEOPT UNPACKING pc=0x0000017c513b5ba3 sp=0x00000044944fd4e8 mode 2
Event: 6.438 Thread 0x0000017c40b5d650 Uncommon trap: trap_request=0xffffffc6 fr.pc=0x0000017c51b8d234 relative=0x0000000000005054
Event: 6.438 Thread 0x0000017c40b5d650 Uncommon trap: reason=bimorphic_or_optimized_type_check action=maybe_recompile pc=0x0000017c51b8d234 method=lombok.javac.JavacNode.traverse(Llombok/javac/JavacASTVisitor;)V @ 113 c2
Event: 6.438 Thread 0x0000017c40b5d650 DEOPT PACKING pc=0x0000017c51b8d234 sp=0x00000044944fd3b0
Event: 6.438 Thread 0x0000017c40b5d650 DEOPT UNPACKING pc=0x0000017c513b5ba3 sp=0x00000044944fd3c8 mode 2
Event: 6.438 Thread 0x0000017c40b5d650 Uncommon trap: trap_request=0xffffffc6 fr.pc=0x0000017c51b882f4 relative=0x0000000000000114
Event: 6.438 Thread 0x0000017c40b5d650 Uncommon trap: reason=bimorphic_or_optimized_type_check action=maybe_recompile pc=0x0000017c51b882f4 method=lombok.javac.JavacNode.traverse(Llombok/javac/JavacASTVisitor;)V @ 490 c2
Event: 6.438 Thread 0x0000017c40b5d650 DEOPT PACKING pc=0x0000017c51b882f4 sp=0x00000044944fd290
Event: 6.438 Thread 0x0000017c40b5d650 DEOPT UNPACKING pc=0x0000017c513b5ba3 sp=0x00000044944fd2a0 mode 2
Event: 6.438 Thread 0x0000017c40b5d650 Uncommon trap: trap_request=0xffffffc6 fr.pc=0x0000017c51b882f4 relative=0x0000000000000114
Event: 6.438 Thread 0x0000017c40b5d650 Uncommon trap: reason=bimorphic_or_optimized_type_check action=maybe_recompile pc=0x0000017c51b882f4 method=lombok.javac.JavacNode.traverse(Llombok/javac/JavacASTVisitor;)V @ 490 c2
Event: 6.438 Thread 0x0000017c40b5d650 DEOPT PACKING pc=0x0000017c51b882f4 sp=0x00000044944fd290
Event: 6.438 Thread 0x0000017c40b5d650 DEOPT UNPACKING pc=0x0000017c513b5ba3 sp=0x00000044944fd2a0 mode 2

Classes unloaded (0 events):
No events

Classes redefined (0 events):
No events

Internal exceptions (20 events):
Event: 5.290 Thread 0x0000017c40b5d650 Exception <a 'sun/nio/fs/WindowsException'{0x0000000087d17c98}> (0x0000000087d17c98) 
thrown [s\open\src\hotspot\share\prims\jni.cpp, line 516]
Event: 5.290 Thread 0x0000017c40b5d650 Exception <a 'sun/nio/fs/WindowsException'{0x0000000087d17fb0}> (0x0000000087d17fb0) 
thrown [s\open\src\hotspot\share\prims\jni.cpp, line 516]
Event: 5.291 Thread 0x0000017c40b5d650 Exception <a 'sun/nio/fs/WindowsException'{0x0000000087d35358}> (0x0000000087d35358) 
thrown [s\open\src\hotspot\share\prims\jni.cpp, line 516]
Event: 5.291 Thread 0x0000017c40b5d650 Exception <a 'sun/nio/fs/WindowsException'{0x0000000087d356b8}> (0x0000000087d356b8) 
thrown [s\open\src\hotspot\share\prims\jni.cpp, line 516]
Event: 5.291 Thread 0x0000017c40b5d650 Exception <a 'sun/nio/fs/WindowsException'{0x0000000087d36670}> (0x0000000087d36670) 
thrown [s\open\src\hotspot\share\prims\jni.cpp, line 516]
Event: 5.291 Thread 0x0000017c40b5d650 Exception <a 'sun/nio/fs/WindowsException'{0x0000000087d36a58}> (0x0000000087d36a58) 
thrown [s\open\src\hotspot\share\prims\jni.cpp, line 516]
Event: 5.353 Thread 0x0000017c40b5d650 Implicit null exception at 0x0000017c51a1abad to 0x0000017c51a1af6c
Event: 5.359 Thread 0x0000017c40b5d650 Implicit null exception at 0x0000017c519f4aea to 0x0000017c519f4cb4
Event: 6.159 Thread 0x0000017c40b5d650 Exception <a 'sun/nio/fs/WindowsException'{0x000000008ede0130}> (0x000000008ede0130) 
thrown [s\open\src\hotspot\share\prims\jni.cpp, line 516]
Event: 6.159 Thread 0x0000017c40b5d650 Exception <a 'sun/nio/fs/WindowsException'{0x000000008ede03f0}> (0x000000008ede03f0) 
thrown [s\open\src\hotspot\share\prims\jni.cpp, line 516]
Event: 6.159 Thread 0x0000017c40b5d650 Exception <a 'sun/nio/fs/WindowsException'{0x000000008ede12b8}> (0x000000008ede12b8) 
thrown [s\open\src\hotspot\share\prims\jni.cpp, line 516]
Event: 6.159 Thread 0x0000017c40b5d650 Exception <a 'sun/nio/fs/WindowsException'{0x000000008ede1600}> (0x000000008ede1600) 
thrown [s\open\src\hotspot\share\prims\jni.cpp, line 516]
Event: 6.159 Thread 0x0000017c40b5d650 Exception <a 'sun/nio/fs/WindowsException'{0x000000008ede25c0}> (0x000000008ede25c0) 
thrown [s\open\src\hotspot\share\prims\jni.cpp, line 516]
Event: 6.159 Thread 0x0000017c40b5d650 Exception <a 'sun/nio/fs/WindowsException'{0x000000008ede2888}> (0x000000008ede2888) 
thrown [s\open\src\hotspot\share\prims\jni.cpp, line 516]
Event: 6.307 Thread 0x0000017c40b5d650 Exception <a 'sun/nio/fs/WindowsException'{0x000000008ce5bda8}> (0x000000008ce5bda8) 
thrown [s\open\src\hotspot\share\prims\jni.cpp, line 516]
Event: 6.307 Thread 0x0000017c40b5d650 Exception <a 'sun/nio/fs/WindowsException'{0x000000008ce5c068}> (0x000000008ce5c068) 
thrown [s\open\src\hotspot\share\prims\jni.cpp, line 516]
Event: 6.307 Thread 0x0000017c40b5d650 Exception <a 'sun/nio/fs/WindowsException'{0x000000008ce5cf30}> (0x000000008ce5cf30) 
thrown [s\open\src\hotspot\share\prims\jni.cpp, line 516]
Event: 6.307 Thread 0x0000017c40b5d650 Exception <a 'sun/nio/fs/WindowsException'{0x000000008ce5d278}> (0x000000008ce5d278) 
thrown [s\open\src\hotspot\share\prims\jni.cpp, line 516]
Event: 6.307 Thread 0x0000017c40b5d650 Exception <a 'sun/nio/fs/WindowsException'{0x000000008ce5e238}> (0x000000008ce5e238) 
thrown [s\open\src\hotspot\share\prims\jni.cpp, line 516]
Event: 6.307 Thread 0x0000017c40b5d650 Exception <a 'sun/nio/fs/WindowsException'{0x000000008ce5e500}> (0x000000008ce5e500) 
thrown [s\open\src\hotspot\share\prims\jni.cpp, line 516]

VM Operations (20 events):
Event: 5.315 Executing VM operation: G1CollectForAllocation
Event: 5.323 Executing VM operation: G1CollectForAllocation done
Event: 5.568 Executing VM operation: G1CollectForAllocation
Event: 5.574 Executing VM operation: G1CollectForAllocation done
Event: 5.714 Executing VM operation: ICBufferFull
Event: 5.714 Executing VM operation: ICBufferFull done
Event: 5.850 Executing VM operation: HandshakeAllThreads
Event: 5.850 Executing VM operation: HandshakeAllThreads done
Event: 5.856 Executing VM operation: ICBufferFull
Event: 5.856 Executing VM operation: ICBufferFull done
Event: 5.861 Executing VM operation: HandshakeAllThreads
Event: 5.861 Executing VM operation: HandshakeAllThreads done
Event: 5.877 Executing VM operation: HandshakeAllThreads
Event: 5.877 Executing VM operation: HandshakeAllThreads done
Event: 5.998 Executing VM operation: ICBufferFull
Event: 5.998 Executing VM operation: ICBufferFull done
Event: 6.085 Executing VM operation: G1CollectForAllocation
Event: 6.093 Executing VM operation: G1CollectForAllocation done
Event: 6.225 Executing VM operation: ICBufferFull
Event: 6.225 Executing VM operation: ICBufferFull done

Events (20 events):
Event: 5.882 Thread 0x0000017c60c95780 flushing nmethod 0x0000017c4aa71d10
Event: 5.882 Thread 0x0000017c60c95780 flushing nmethod 0x0000017c4aa81b90
Event: 5.882 Thread 0x0000017c60c95780 flushing nmethod 0x0000017c4ab24410
Event: 5.882 Thread 0x0000017c60c95780 flushing nmethod 0x0000017c4ab25990
Event: 5.882 Thread 0x0000017c60c95780 flushing nmethod 0x0000017c4ab25e90
Event: 5.882 Thread 0x0000017c60c95780 flushing nmethod 0x0000017c4ab27990
Event: 5.882 Thread 0x0000017c60c95780 flushing nmethod 0x0000017c4ab29c10
Event: 5.882 Thread 0x0000017c60c95780 flushing nmethod 0x0000017c4ab2a890
Event: 5.882 Thread 0x0000017c60c95780 flushing nmethod 0x0000017c4ab2ad10
Event: 5.882 Thread 0x0000017c60c95780 flushing nmethod 0x0000017c4ab2b290
Event: 5.882 Thread 0x0000017c60c95780 flushing nmethod 0x0000017c4ab30b10
Event: 5.882 Thread 0x0000017c60c95780 flushing nmethod 0x0000017c4ab31610
Event: 5.882 Thread 0x0000017c60c95780 flushing nmethod 0x0000017c4ab32190
Event: 5.882 Thread 0x0000017c60c95780 flushing nmethod 0x0000017c4ab34c10
Event: 5.882 Thread 0x0000017c60c95780 flushing nmethod 0x0000017c4ab35490
Event: 5.882 Thread 0x0000017c60c95780 flushing nmethod 0x0000017c4ab36a10
Event: 5.882 Thread 0x0000017c60c95780 flushing nmethod 0x0000017c4ab37a90
Event: 5.882 Thread 0x0000017c60c95780 flushing nmethod 0x0000017c4ab39610
Event: 5.882 Thread 0x0000017c60c95780 flushing nmethod 0x0000017c4ab3a710
Event: 5.882 Thread 0x0000017c60c95780 flushing nmethod 0x0000017c4ab3b310


Dynamic libraries:
0x00007ff6793d0000 - 0x00007ff6793e0000 	E:\Java\jdk-17\bin\java.exe
0x00007ffe59af0000 - 0x00007ffe59d07000 	C:\WINDOWS\SYSTEM32\ntdll.dll
0x00007ffe57d60000 - 0x00007ffe57e24000 	C:\WINDOWS\System32\KERNEL32.DLL
0x00007ffe57140000 - 0x00007ffe574e5000 	C:\WINDOWS\System32\KERNELBASE.dll
0x00007ffe575b0000 - 0x00007ffe576c1000 	C:\WINDOWS\System32\ucrtbase.dll
0x00007ffe391b0000 - 0x00007ffe391c9000 	E:\Java\jdk-17\bin\jli.dll
0x00007ffe3de80000 - 0x00007ffe3de9b000 	E:\Java\jdk-17\bin\VCRUNTIME140.dll
0x00007ffe58fa0000 - 0x00007ffe59051000 	C:\WINDOWS\System32\ADVAPI32.dll
0x00007ffe58ef0000 - 0x00007ffe58f97000 	C:\WINDOWS\System32\msvcrt.dll
0x00007ffe59760000 - 0x00007ffe59806000 	C:\WINDOWS\System32\sechost.dll
0x00007ffe57840000 - 0x00007ffe57957000 	C:\WINDOWS\System32\RPCRT4.dll
0x00007ffe59060000 - 0x00007ffe5920e000 	C:\WINDOWS\System32\USER32.dll
0x00007ffe38dd0000 - 0x00007ffe39063000 	C:\WINDOWS\WinSxS\amd64_microsoft.windows.common-controls_6595b64144ccf1df_6.0.22621.2506_none_270c5ae97388e100\COMCTL32.dll
0x00007ffe56ee0000 - 0x00007ffe56f06000 	C:\WINDOWS\System32\win32u.dll
0x00007ffe59210000 - 0x00007ffe59239000 	C:\WINDOWS\System32\GDI32.dll
0x00007ffe56f10000 - 0x00007ffe57029000 	C:\WINDOWS\System32\gdi32full.dll
0x00007ffe570a0000 - 0x00007ffe5713a000 	C:\WINDOWS\System32\msvcp_win.dll
0x00007ffe43170000 - 0x00007ffe4317a000 	C:\WINDOWS\SYSTEM32\VERSION.dll
0x00007ffe58700000 - 0x00007ffe58731000 	C:\WINDOWS\System32\IMM32.DLL
0x00007ffe52300000 - 0x00007ffe5230c000 	E:\Java\jdk-17\bin\vcruntime140_1.dll
0x00007ffe27c90000 - 0x00007ffe27d1e000 	E:\Java\jdk-17\bin\msvcp140.dll
0x00007ffda2170000 - 0x00007ffda2d4d000 	E:\Java\jdk-17\bin\server\jvm.dll
0x00007ffe58e00000 - 0x00007ffe58e08000 	C:\WINDOWS\System32\PSAPI.DLL
0x00007ffe48af0000 - 0x00007ffe48b24000 	C:\WINDOWS\SYSTEM32\WINMM.dll
0x00007ffe47db0000 - 0x00007ffe47db9000 	C:\WINDOWS\SYSTEM32\WSOCK32.dll
0x00007ffe58d80000 - 0x00007ffe58df1000 	C:\WINDOWS\System32\WS2_32.dll
0x00007ffe55eb0000 - 0x00007ffe55ec8000 	C:\WINDOWS\SYSTEM32\kernel.appcore.dll
0x00007ffe3de70000 - 0x00007ffe3de7a000 	E:\Java\jdk-17\bin\jimage.dll
0x000000006cc20000 - 0x000000006cdb6000 	C:\Program Files\Microsoft SQL Server\120\Shared\DBGHELP.DLL
0x00007ffe52370000 - 0x00007ffe5237e000 	E:\Java\jdk-17\bin\instrument.dll
0x00007ffe35900000 - 0x00007ffe35925000 	E:\Java\jdk-17\bin\java.dll
0x00007ffe27bb0000 - 0x00007ffe27c87000 	E:\Java\jdk-17\bin\jsvml.dll
0x00007ffe57e30000 - 0x00007ffe58689000 	C:\WINDOWS\System32\SHELL32.dll
0x00007ffe54d40000 - 0x00007ffe55634000 	C:\WINDOWS\SYSTEM32\windows.storage.dll
0x00007ffe59340000 - 0x00007ffe596c9000 	C:\WINDOWS\System32\combase.dll
0x00007ffe54c00000 - 0x00007ffe54d3e000 	C:\WINDOWS\SYSTEM32\wintypes.dll
0x00007ffe58c80000 - 0x00007ffe58d73000 	C:\WINDOWS\System32\SHCORE.dll
0x00007ffe59a50000 - 0x00007ffe59aae000 	C:\WINDOWS\System32\shlwapi.dll
0x00007ffe56d90000 - 0x00007ffe56db6000 	C:\WINDOWS\SYSTEM32\profapi.dll
0x00007ffe2ce80000 - 0x00007ffe2ce98000 	E:\Java\jdk-17\bin\zip.dll
0x00007ffe2ea80000 - 0x00007ffe2ea99000 	E:\java\jdk-17\bin\net.dll
0x00007ffe4bd10000 - 0x00007ffe4be47000 	C:\WINDOWS\SYSTEM32\WINHTTP.dll
0x00007ffe56380000 - 0x00007ffe563e9000 	C:\WINDOWS\system32\mswsock.dll
0x00007ffe2dfc0000 - 0x00007ffe2dfd6000 	E:\java\jdk-17\bin\nio.dll
0x00007ffe357c0000 - 0x00007ffe357da000 	D:\Program Files\IntelliJ IDEA\IntelliJ IDEA 2023.1.3\bin\breakgen64.dll
0x00007ffe391a0000 - 0x00007ffe391b0000 	E:\Java\jdk-17\bin\verify.dll
0x00007ffe56620000 - 0x00007ffe5663b000 	C:\WINDOWS\SYSTEM32\CRYPTSP.dll
0x00007ffe55e70000 - 0x00007ffe55ea5000 	C:\WINDOWS\system32\rsaenh.dll
0x00007ffe56420000 - 0x00007ffe5644c000 	C:\WINDOWS\SYSTEM32\USERENV.dll
0x00007ffe567f0000 - 0x00007ffe56818000 	C:\WINDOWS\SYSTEM32\bcrypt.dll
0x00007ffe56e60000 - 0x00007ffe56eda000 	C:\WINDOWS\System32\bcryptprimitives.dll
0x00007ffe56580000 - 0x00007ffe5658c000 	C:\WINDOWS\SYSTEM32\CRYPTBASE.dll
0x00007ffe55910000 - 0x00007ffe5593d000 	C:\WINDOWS\SYSTEM32\IPHLPAPI.DLL
0x00007ffe587f0000 - 0x00007ffe587f9000 	C:\WINDOWS\System32\NSI.dll
0x00007ffe4af40000 - 0x00007ffe4af59000 	C:\WINDOWS\SYSTEM32\dhcpcsvc6.DLL
0x00007ffe4adf0000 - 0x00007ffe4ae0f000 	C:\WINDOWS\SYSTEM32\dhcpcsvc.DLL
0x00007ffe55940000 - 0x00007ffe55a39000 	C:\WINDOWS\SYSTEM32\DNSAPI.dll
0x00007ffe35870000 - 0x00007ffe3587a000 	C:\Users\Admin\AppData\Local\Temp\jansi-1.17.1-4704063241166687705.dll

dbghelp: loaded successfully - version: 4.0.5 - missing functions: none
symbol engine: initialized successfully - sym options: 0x614 - pdb path: .;E:\Java\jdk-17\bin;C:\WINDOWS\SYSTEM32;C:\WINDOWS\WinSxS\amd64_microsoft.windows.common-controls_6595b64144ccf1df_6.0.22621.2506_none_270c5ae97388e100;E:\Java\jdk-17\bin\server;C:\Program Files\Microsoft SQL Server\120\Shared;D:\Program Files\IntelliJ IDEA\IntelliJ IDEA 2023.1.3\bin;C:\Users\Admin\AppData\Local\Temp

VM Arguments:
jvm_args: -Dmaven.multiModuleProjectDirectory=D:\DataService\persistence-library -Djansi.passthrough=true -Dmaven.home=D:\Program Files\IntelliJ IDEA\IntelliJ IDEA 2023.1.3\plugins\maven\lib\maven3 -Dclassworlds.conf=D:\Program Files\IntelliJ IDEA\IntelliJ IDEA 2023.1.3\plugins\maven\lib\maven3\bin\m2.conf -Dmaven.ext.class.path=D:\Program Files\IntelliJ IDEA\IntelliJ IDEA 2023.1.3\plugins\maven\lib\maven-event-listener.jar -javaagent:D:\Program Files\IntelliJ IDEA\IntelliJ IDEA 2023.1.3\lib\idea_rt.jar=53796:D:\Program Files\IntelliJ IDEA\IntelliJ IDEA 2023.1.3\bin -Dfile.encoding=UTF-8 
java_command: org.codehaus.classworlds.Launcher -Didea.version=2023.1.4 package
java_class_path (initial): D:\Program Files\IntelliJ IDEA\IntelliJ IDEA 2023.1.3\plugins\maven\lib\maven3\boot\plexus-classworlds-2.6.0.jar;D:\Program Files\IntelliJ IDEA\IntelliJ IDEA 2023.1.3\plugins\maven\lib\maven3\boot\plexus-classworlds.license
Launcher Type: SUN_STANDARD

[Global flags]
     intx CICompilerCount                          = 4                                         {product} {ergonomic}
     uint ConcGCThreads                            = 2                                         {product} {ergonomic}
     uint G1ConcRefinementThreads                  = 8                                         {product} {ergonomic}
   size_t G1HeapRegionSize                         = 1048576                                   {product} {ergonomic}
    uintx GCDrainStackTargetSize                   = 64                                        {product} {ergonomic}
   size_t InitialHeapSize                          = 130023424                                 {product} {ergonomic}
   size_t MarkStackSize                            = 4194304                                   {product} {ergonomic}
   size_t MaxHeapSize                              = 2076180480                                {product} {ergonomic}
   size_t MaxNewSize                               = 1245708288                                {product} {ergonomic}
   size_t MinHeapDeltaBytes                        = 1048576                                   {product} {ergonomic}
   size_t MinHeapSize                              = 8388608                                   {product} {ergonomic}
    uintx NonNMethodCodeHeapSize                   = 5839372                                {pd product} {ergonomic}
    uintx NonProfiledCodeHeapSize                  = 122909434                              {pd product} {ergonomic}
    uintx ProfiledCodeHeapSize                     = 122909434                              {pd product} {ergonomic}
    uintx ReservedCodeCacheSize                    = 251658240                              {pd product} {ergonomic}
     bool SegmentedCodeCache                       = true                                      {product} {ergonomic}
   size_t SoftMaxHeapSize                          = 2076180480                             {manageable} {ergonomic}
     bool UseCompressedClassPointers               = true                           {product lp64_product} {ergonomic}
     bool UseCompressedOops                        = true                           {product lp64_product} {ergonomic}
     bool UseG1GC                                  = true                                      {product} {ergonomic}
     bool UseLargePagesIndividualAllocation        = false                                  {pd product} {ergonomic}

Logging:
Log output configuration:
 #0: stdout all=warning uptime,level,tags
 #1: stderr all=off uptime,level,tags

Environment Variables:
JAVA_HOME=C:\Program Files\Java\jdk-21
PATH=C:\Program Files\Common Files\Oracle\Java\javapath;C:\Program Files (x86)\Common Files\Oracle\Java\javapath;C:\Windows\system32;C:\Windows;C:\Windows\System32\Wbem;C:\Windows\System32\WindowsPowerShell\v1.0\;C:\Windows\System32\OpenSSH\;C:\Program Files\NVIDIA Corporation\NVIDIA NvDLISR;C:\WINDOWS\system32;C:\WINDOWS;C:\WINDOWS\System32\Wbem;C:\WINDOWS\System32\WindowsPowerShell\v1.0\;C:\WINDOWS\System32\OpenSSH\;C:\Program Files\dotnet\;C:\Program Files\Microsoft SQL Server\Client SDK\ODBC\110\Tools\Binn\;C:\Program Files (x86)\Microsoft SQL Server\120\Tools\Binn\;C:\Program Files\Microsoft SQL Server\120\Tools\Binn\;C:\Program Files\Microsoft SQL Server\120\DTS\Binn\;C:\Program Files (x86)\Windows Kits\8.1\Windows Performance Toolkit\;D:\Program Files\Matlab\runtime\win64;D:\Program Files\Matlab\bin;D:\Program Files\Matlab\polyspace\bin;"C:\Users\Admin\AppData\Roaming\Microsoft\Windows\Start Menu\Programs\Python 3.10;C:\Users\Admin\AppData\Roaming\Microsoft\Windows\Start Menu\Programs\Python 3.10\Scripts";C:\Users\Admin\Downloads\jdk-19.0.1\bin;C:\Program Files\Microsoft SQL Server\150\Tools\Binn\;C:\Program Files\Microsoft SQL Server\Client SDK\ODBC\170\Tools\Binn\;C:\WINDOWS\system32;C:\WINDOWS;C:\WINDOWS\System32\Wbem;C:\WINDOWS\System32\WindowsPowerShell\v1.0\;C:\WINDOWS\System32\OpenSSH\;C:\Program Files\Git\cmd;C:\Users\Admin\AppData\Roaming\nvm;C:\Program Files\nodejs;E:\cass\apache-cassandra-3.11.16\bin;C:\Python27;C:\Program Files\MongoDB\Server\7.0\bin;C:\Program Files\Java\jdk-21\bin;C:\Program Files\MySQL\MySQL Shell 8.0\bin\;C:\Users\Admin\AppData\Local\Microsoft\WindowsApps;C:\Users\Admin\AppData\Roaming\npm;D:\Program Files\Visual Studio Code\Microsoft VS Code\bin;C:\MinGW\bin;C:\Users\Admin\AppData\Local\Programs\Python\Python310\Scripts;C:\Users\Admin\AppData\Local\Programs\Python\Python310;D:\Program Files\VS Code Insiders\Microsoft VS Code Insiders\bin;C:\Users\Admin\AppData\Roaming\nvm;C:\Program Files\nodejs;C:\Users\Admin\.dotnet\tools;D:\P
USERNAME=Admin
OS=Windows_NT
PROCESSOR_IDENTIFIER=Intel64 Family 6 Model 140 Stepping 1, GenuineIntel



---------------  S Y S T E M  ---------------

OS:
 Windows 11 , 64 bit Build 22621 (10.0.22621.2506)
OS uptime: 0 days 14:17 hours
Hyper-V role detected

CPU: total 8 (initial active 8) (4 cores per cpu, 2 threads per core) family 6 model 140 stepping 1 microcode 0xac, cx8, cmov, fxsr, ht, mmx, 3dnowpref, sse, sse2, sse3, ssse3, sse4.1, sse4.2, popcnt, lzcnt, tsc, tscinvbit, avx, avx2, aes, erms, clmul, bmi1, bmi2, adx, avx512f, avx512dq, avx512cd, avx512bw, avx512vl, sha, fma, vzeroupper, avx512_vpopcntdq, avx512_vpclmulqdq, avx512_vaes, avx512_vnni, clflush, clflushopt, clwb, avx512_vbmi2, avx512_vbmi, hv

Memory: 4k page, system-wide physical 7914M (232M free)
TotalPageFile size 17150M (AvailPageFile size 6M)
current process WorkingSet (physical memory assigned to process): 308M, peak: 311M
current process commit charge ("private bytes"): 365M, peak: 367M

vm_info: Java HotSpot(TM) 64-Bit Server VM (17.0.7+8-LTS-224) for windows-amd64 JRE (17.0.7+8-LTS-224), built on Feb 28 2023 23:03:02 by "mach5one" with MS VC++ 17.1 (VS2022)

END.
